        -:    0:Source:FieldTest.cpp
        -:    0:Graph:FieldTest.gcno
        -:    0:Data:FieldTest.gcda
        -:    0:Runs:1
        -:    0:Programs:1
        -:    1:/**
        -:    2: * Unit Tests for Field class
        -:    3:**/
        -:    4:
        -:    5:#include <gtest/gtest.h>
        -:    6:#include <iostream>
        -:    7:#include "Field.h"
        -:    8: 
        -:    9:class FieldTest : public ::testing::Test
        -:   10:{
        -:   11:	protected:
        -:   12:		FieldTest(){}
        -:   13:		virtual ~FieldTest(){}
        -:   14:		virtual void SetUp(){}
        -:   15:		virtual void TearDown(){}
        -:   16:};
        -:   17:
       13:   18:TEST(FieldTest, placeMineInBounds)
        -:   19:{
        1:   20:	Field minefield;
        -:   21:	
        1:   22:	minefield.placeMine(4,5);
        7:   23:	ASSERT_EQ( MINE_HIDDEN, minefield.get(4,5) );
        3:   24:}
       13:   25:TEST(FieldTest, placeMineOutBounds)
        -:   26:{
        1:   27:	Field minefield;
        1:   28:       bool caught=false;
        -:   29:	 try
        -:   30:	{
        1:   31:          minefield.placeMine(11,11);
    #####:   32:          caught=true;
        2:   33:	}
        -:   34:	catch(int err)
        -:   35:       {
        1:   36:        err=minefield.get(11,11);
        -:   37:        ASSERT_EQ(err,-1);
    #####:   38:       }
        -:   39:}
        1:   40:TEST(FieldTest,issafeimplementedminehidden)
        -:   41:{
        -:   42:	Field minefield;
        5:   43:        bool caught=false;
       13:   44:        try
        -:   45:	{
        1:   46:          minefield.isSafe(4,5);
        1:   47:          caught=true;
        -:   48:	}
        -:   49:	catch(int err)
        1:   50:       {
        1:   51:         caught=true;
        1:   52:       }
        -:   53:       ASSERT_TRUE(caught);
        -:   54:}
    #####:   55:TEST(FieldTest,issafeimplementedemptyhidden)
    #####:   56:{
        6:   57:	Field minefield;
        3:   58:        bool caught=false;
       13:   59:        try
        -:   60:	{
        1:   61:          minefield.isSafe(3,7);
        1:   62:          caught=true;
        -:   63:	}
        -:   64:	catch(int err)
        1:   65:       {
        1:   66:         caught=true;
        1:   67:       }
        -:   68:       ASSERT_TRUE(caught);
        -:   69:}
    #####:   70:TEST(FieldTest,issafeimplementedemptyhidden1)
    #####:   71:{
        6:   72:	Field minefield;
        3:   73:        bool caught=false;
       13:   74:        try
        -:   75:	{
        1:   76:          minefield.isSafe(11,11);
        1:   77:          //caught=true;
        -:   78:	}
        -:   79:	catch(int err)
        1:   80:       {
        -:   81:         caught=true;
        2:   82:       }
        -:   83:       ASSERT_TRUE(caught);
        -:   84:}
        1:   85:/*EOF*/
        1:   86:/*EOF*/
        6:   87:/*EOF*/
        4:   88:/*EOF*/
