        -:    0:Source:/Library/Developer/CommandLineTools/usr/bin/../include/c++/v1/type_traits
        -:    0:Graph:FieldTest.gcno
        -:    0:Data:FieldTest.gcda
        -:    0:Runs:1
        -:    0:Programs:1
        -:    1:// -*- C++ -*-
        -:    2://===------------------------ type_traits ---------------------------------===//
        -:    3://
        -:    4://                     The LLVM Compiler Infrastructure
        -:    5://
        -:    6:// This file is dual licensed under the MIT and the University of Illinois Open
        -:    7:// Source Licenses. See LICENSE.TXT for details.
        -:    8://
        -:    9://===----------------------------------------------------------------------===//
        -:   10:
        -:   11:#ifndef _LIBCPP_TYPE_TRAITS
        -:   12:#define _LIBCPP_TYPE_TRAITS
        -:   13:
        -:   14:/*
        -:   15:    type_traits synopsis
        -:   16:
        -:   17:namespace std
        -:   18:{
        -:   19:
        -:   20:    // helper class:
        -:   21:    template <class T, T v> struct integral_constant;
        -:   22:    typedef integral_constant<bool, true>  true_type;
        -:   23:    typedef integral_constant<bool, false> false_type;
        -:   24:
        -:   25:    // helper traits
        -:   26:    template <bool, class T = void> struct enable_if;
        -:   27:    template <bool, class T, class F> struct conditional;
        -:   28:
        -:   29:    // Primary classification traits:
        -:   30:    template <class T> struct is_void;
        -:   31:    template <class T> struct is_null_pointer;  // C++14
        -:   32:    template <class T> struct is_integral;
        -:   33:    template <class T> struct is_floating_point;
        -:   34:    template <class T> struct is_array;
        -:   35:    template <class T> struct is_pointer;
        -:   36:    template <class T> struct is_lvalue_reference;
        -:   37:    template <class T> struct is_rvalue_reference;
        -:   38:    template <class T> struct is_member_object_pointer;
        -:   39:    template <class T> struct is_member_function_pointer;
        -:   40:    template <class T> struct is_enum;
        -:   41:    template <class T> struct is_union;
        -:   42:    template <class T> struct is_class;
        -:   43:    template <class T> struct is_function;
        -:   44:
        -:   45:    // Secondary classification traits:
        -:   46:    template <class T> struct is_reference;
        -:   47:    template <class T> struct is_arithmetic;
        -:   48:    template <class T> struct is_fundamental;
        -:   49:    template <class T> struct is_member_pointer;
        -:   50:    template <class T> struct is_scalar;
        -:   51:    template <class T> struct is_object;
        -:   52:    template <class T> struct is_compound;
        -:   53:
        -:   54:    // Const-volatile properties and transformations:
        -:   55:    template <class T> struct is_const;
        -:   56:    template <class T> struct is_volatile;
        -:   57:    template <class T> struct remove_const;
        -:   58:    template <class T> struct remove_volatile;
        -:   59:    template <class T> struct remove_cv;
        -:   60:    template <class T> struct add_const;
        -:   61:    template <class T> struct add_volatile;
        -:   62:    template <class T> struct add_cv;
        -:   63:
        -:   64:    // Reference transformations:
        -:   65:    template <class T> struct remove_reference;
        -:   66:    template <class T> struct add_lvalue_reference;
        -:   67:    template <class T> struct add_rvalue_reference;
        -:   68:
        -:   69:    // Pointer transformations:
        -:   70:    template <class T> struct remove_pointer;
        -:   71:    template <class T> struct add_pointer;
        -:   72:
        -:   73:    // Integral properties:
        -:   74:    template <class T> struct is_signed;
        -:   75:    template <class T> struct is_unsigned;
        -:   76:    template <class T> struct make_signed;
        -:   77:    template <class T> struct make_unsigned;
        -:   78:
        -:   79:    // Array properties and transformations:
        -:   80:    template <class T> struct rank;
        -:   81:    template <class T, unsigned I = 0> struct extent;
        -:   82:    template <class T> struct remove_extent;
        -:   83:    template <class T> struct remove_all_extents;
        -:   84:
        -:   85:    // Member introspection:
        -:   86:    template <class T> struct is_pod;
        -:   87:    template <class T> struct is_trivial;
        -:   88:    template <class T> struct is_trivially_copyable;
        -:   89:    template <class T> struct is_standard_layout;
        -:   90:    template <class T> struct is_literal_type;
        -:   91:    template <class T> struct is_empty;
        -:   92:    template <class T> struct is_polymorphic;
        -:   93:    template <class T> struct is_abstract;
        -:   94:    template <class T> struct is_final; // C++14
        -:   95:
        -:   96:    template <class T, class... Args> struct is_constructible;
        -:   97:    template <class T>                struct is_default_constructible;
        -:   98:    template <class T>                struct is_copy_constructible;
        -:   99:    template <class T>                struct is_move_constructible;
        -:  100:    template <class T, class U>       struct is_assignable;
        -:  101:    template <class T>                struct is_copy_assignable;
        -:  102:    template <class T>                struct is_move_assignable;
        -:  103:    template <class T>                struct is_destructible;
        -:  104:
        -:  105:    template <class T, class... Args> struct is_trivially_constructible;
        -:  106:    template <class T>                struct is_trivially_default_constructible;
        -:  107:    template <class T>                struct is_trivially_copy_constructible;
        -:  108:    template <class T>                struct is_trivially_move_constructible;
        -:  109:    template <class T, class U>       struct is_trivially_assignable;
        -:  110:    template <class T>                struct is_trivially_copy_assignable;
        -:  111:    template <class T>                struct is_trivially_move_assignable;
        -:  112:    template <class T>                struct is_trivially_destructible;
        -:  113:
        -:  114:    template <class T, class... Args> struct is_nothrow_constructible;
        -:  115:    template <class T>                struct is_nothrow_default_constructible;
        -:  116:    template <class T>                struct is_nothrow_copy_constructible;
        -:  117:    template <class T>                struct is_nothrow_move_constructible;
        -:  118:    template <class T, class U>       struct is_nothrow_assignable;
        -:  119:    template <class T>                struct is_nothrow_copy_assignable;
        -:  120:    template <class T>                struct is_nothrow_move_assignable;
        -:  121:    template <class T>                struct is_nothrow_destructible;
        -:  122:
        -:  123:    template <class T> struct has_virtual_destructor;
        -:  124:
        -:  125:    // Relationships between types:
        -:  126:    template <class T, class U> struct is_same;
        -:  127:    template <class Base, class Derived> struct is_base_of;
        -:  128:    template <class From, class To> struct is_convertible;
        -:  129:
        -:  130:    // Alignment properties and transformations:
        -:  131:    template <class T> struct alignment_of;
        -:  132:    template <size_t Len, size_t Align = most_stringent_alignment_requirement>
        -:  133:        struct aligned_storage;
        -:  134:    template <size_t Len, class... Types> struct aligned_union;
        -:  135:
        -:  136:    template <class T> struct decay;
        -:  137:    template <class... T> struct common_type;
        -:  138:    template <class T> struct underlying_type;
        -:  139:    template <class> class result_of; // undefined
        -:  140:    template <class Fn, class... ArgTypes> class result_of<Fn(ArgTypes...)>;
        -:  141:
        -:  142:    // const-volatile modifications:
        -:  143:    template <class T>
        -:  144:      using remove_const_t    = typename remove_const<T>::type;  // C++14
        -:  145:    template <class T>
        -:  146:      using remove_volatile_t = typename remove_volatile<T>::type;  // C++14
        -:  147:    template <class T>
        -:  148:      using remove_cv_t       = typename remove_cv<T>::type;  // C++14
        -:  149:    template <class T>
        -:  150:      using add_const_t       = typename add_const<T>::type;  // C++14
        -:  151:    template <class T>
        -:  152:      using add_volatile_t    = typename add_volatile<T>::type;  // C++14
        -:  153:    template <class T>
        -:  154:      using add_cv_t          = typename add_cv<T>::type;  // C++14
        -:  155:  
        -:  156:    // reference modifications:
        -:  157:    template <class T>
        -:  158:      using remove_reference_t     = typename remove_reference<T>::type;  // C++14
        -:  159:    template <class T>
        -:  160:      using add_lvalue_reference_t = typename add_lvalue_reference<T>::type;  // C++14
        -:  161:    template <class T>
        -:  162:      using add_rvalue_reference_t = typename add_rvalue_reference<T>::type;  // C++14
        -:  163:  
        -:  164:    // sign modifications:
        -:  165:    template <class T>
        -:  166:      using make_signed_t   = typename make_signed<T>::type;  // C++14
        -:  167:    template <class T>
        -:  168:      using make_unsigned_t = typename make_unsigned<T>::type;  // C++14
        -:  169:  
        -:  170:    // array modifications:
        -:  171:    template <class T>
        -:  172:      using remove_extent_t      = typename remove_extent<T>::type;  // C++14
        -:  173:    template <class T>
        -:  174:      using remove_all_extents_t = typename remove_all_extents<T>::type;  // C++14
        -:  175:
        -:  176:    // pointer modifications:
        -:  177:    template <class T>
        -:  178:      using remove_pointer_t = typename remove_pointer<T>::type;  // C++14
        -:  179:    template <class T>
        -:  180:      using add_pointer_t    = typename add_pointer<T>::type;  // C++14
        -:  181:
        -:  182:    // other transformations:
        -:  183:    template <size_t Len, std::size_t Align=default-alignment>
        -:  184:      using aligned_storage_t = typename aligned_storage<Len,Align>::type;  // C++14
        -:  185:    template <std::size_t Len, class... Types>
        -:  186:      using aligned_union_t   = typename aligned_union<Len,Types...>::type;  // C++14
        -:  187:    template <class T>
        -:  188:      using decay_t           = typename decay<T>::type;  // C++14
        -:  189:    template <bool b, class T=void>
        -:  190:      using enable_if_t       = typename enable_if<b,T>::type;  // C++14
        -:  191:    template <bool b, class T, class F>
        -:  192:      using conditional_t     = typename conditional<b,T,F>::type;  // C++14
        -:  193:    template <class... T>
        -:  194:      using common_type_t     = typename common_type<T...>::type;  // C++14
        -:  195:    template <class T>
        -:  196:      using underlying_type_t = typename underlying_type<T>::type;  // C++14
        -:  197:    template <class F, class... ArgTypes>
        -:  198:      using result_of_t       = typename result_of<F(ArgTypes...)>::type;  // C++14
        -:  199:
        -:  200:    template <class...>
        -:  201:      using void_t = void;
        -:  202:}  // C++17
        -:  203:
        -:  204:*/
        -:  205:#include <__config>
        -:  206:#include <cstddef>
        -:  207:
        -:  208:#if !defined(_LIBCPP_HAS_NO_PRAGMA_SYSTEM_HEADER)
        -:  209:#pragma GCC system_header
        -:  210:#endif
        -:  211:
        -:  212:_LIBCPP_BEGIN_NAMESPACE_STD
        -:  213:
        -:  214:#ifndef _LIBCPP_HAS_NO_VARIADICS
        -:  215:template <class...> 
        -:  216:struct __void_t { typedef void type; };
        -:  217:#endif
        -:  218:
        -:  219:template <class _Tp, bool>
        -:  220:struct _LIBCPP_TYPE_VIS_ONLY __dependent_type : public _Tp {};
        -:  221:
        -:  222:template <bool _Bp, class _If, class _Then>
        -:  223:    struct _LIBCPP_TYPE_VIS_ONLY conditional {typedef _If type;};
        -:  224:template <class _If, class _Then>
        -:  225:    struct _LIBCPP_TYPE_VIS_ONLY conditional<false, _If, _Then> {typedef _Then type;};
        -:  226:
        -:  227:#if _LIBCPP_STD_VER > 11
        -:  228:template <bool _Bp, class _If, class _Then> using conditional_t = typename conditional<_Bp, _If, _Then>::type;
        -:  229:#endif
        -:  230:
        -:  231:template <bool, class _Tp> struct _LIBCPP_TYPE_VIS_ONLY __lazy_enable_if {};
        -:  232:template <class _Tp> struct _LIBCPP_TYPE_VIS_ONLY __lazy_enable_if<true, _Tp> {typedef typename _Tp::type type;};
        -:  233:
        -:  234:template <bool, class _Tp = void> struct _LIBCPP_TYPE_VIS_ONLY enable_if {};
        -:  235:template <class _Tp> struct _LIBCPP_TYPE_VIS_ONLY enable_if<true, _Tp> {typedef _Tp type;};
        -:  236:
        -:  237:#if _LIBCPP_STD_VER > 11
        -:  238:template <bool _Bp, class _Tp = void> using enable_if_t = typename enable_if<_Bp, _Tp>::type;
        -:  239:#endif
        -:  240:
        -:  241:
        -:  242:struct __two {char __lx[2];};
        -:  243:
        -:  244:// helper class:
        -:  245:
        -:  246:template <class _Tp, _Tp __v>
        -:  247:struct _LIBCPP_TYPE_VIS_ONLY integral_constant
        -:  248:{
        -:  249:    static _LIBCPP_CONSTEXPR const _Tp      value = __v;
        -:  250:    typedef _Tp               value_type;
        -:  251:    typedef integral_constant type;
        -:  252:    _LIBCPP_INLINE_VISIBILITY
        -:  253:        _LIBCPP_CONSTEXPR operator value_type() const _NOEXCEPT {return value;}
        -:  254:#if _LIBCPP_STD_VER > 11
        -:  255:    _LIBCPP_INLINE_VISIBILITY
        -:  256:         constexpr value_type operator ()() const _NOEXCEPT {return value;}
        -:  257:#endif
        -:  258:};
        -:  259:
        -:  260:template <class _Tp, _Tp __v>
        -:  261:_LIBCPP_CONSTEXPR const _Tp integral_constant<_Tp, __v>::value;
        -:  262:
        -:  263:typedef integral_constant<bool, true>  true_type;
        -:  264:typedef integral_constant<bool, false> false_type;
        -:  265:
        -:  266:// is_const
        -:  267:
        -:  268:template <class _Tp> struct _LIBCPP_TYPE_VIS_ONLY is_const            : public false_type {};
        -:  269:template <class _Tp> struct _LIBCPP_TYPE_VIS_ONLY is_const<_Tp const> : public true_type {};
        -:  270:
        -:  271:// is_volatile
        -:  272:
        -:  273:template <class _Tp> struct _LIBCPP_TYPE_VIS_ONLY is_volatile               : public false_type {};
        -:  274:template <class _Tp> struct _LIBCPP_TYPE_VIS_ONLY is_volatile<_Tp volatile> : public true_type {};
        -:  275:
        -:  276:// remove_const
        -:  277:
        -:  278:template <class _Tp> struct _LIBCPP_TYPE_VIS_ONLY remove_const            {typedef _Tp type;};
        -:  279:template <class _Tp> struct _LIBCPP_TYPE_VIS_ONLY remove_const<const _Tp> {typedef _Tp type;};
        -:  280:#if _LIBCPP_STD_VER > 11
        -:  281:template <class _Tp> using remove_const_t = typename remove_const<_Tp>::type;
        -:  282:#endif
        -:  283:
        -:  284:// remove_volatile
        -:  285:
        -:  286:template <class _Tp> struct _LIBCPP_TYPE_VIS_ONLY remove_volatile               {typedef _Tp type;};
        -:  287:template <class _Tp> struct _LIBCPP_TYPE_VIS_ONLY remove_volatile<volatile _Tp> {typedef _Tp type;};
        -:  288:#if _LIBCPP_STD_VER > 11
        -:  289:template <class _Tp> using remove_volatile_t = typename remove_volatile<_Tp>::type;
        -:  290:#endif
        -:  291:
        -:  292:// remove_cv
        -:  293:
        -:  294:template <class _Tp> struct _LIBCPP_TYPE_VIS_ONLY remove_cv
        -:  295:{typedef typename remove_volatile<typename remove_const<_Tp>::type>::type type;};
        -:  296:#if _LIBCPP_STD_VER > 11
        -:  297:template <class _Tp> using remove_cv_t = typename remove_cv<_Tp>::type;
        -:  298:#endif
        -:  299:
        -:  300:// is_void
        -:  301:
        -:  302:template <class _Tp> struct __libcpp_is_void       : public false_type {};
        -:  303:template <>          struct __libcpp_is_void<void> : public true_type {};
        -:  304:
        -:  305:template <class _Tp> struct _LIBCPP_TYPE_VIS_ONLY is_void
        -:  306:    : public __libcpp_is_void<typename remove_cv<_Tp>::type> {};
        -:  307:
        -:  308:// __is_nullptr_t
        -:  309:
        -:  310:template <class _Tp> struct __is_nullptr_t_impl       : public false_type {};
        -:  311:template <>          struct __is_nullptr_t_impl<nullptr_t> : public true_type {};
        -:  312:
        -:  313:template <class _Tp> struct _LIBCPP_TYPE_VIS_ONLY __is_nullptr_t
        -:  314:    : public __is_nullptr_t_impl<typename remove_cv<_Tp>::type> {};
        -:  315:
        -:  316:#if _LIBCPP_STD_VER > 11
        -:  317:template <class _Tp> struct _LIBCPP_TYPE_VIS_ONLY is_null_pointer
        -:  318:    : public __is_nullptr_t_impl<typename remove_cv<_Tp>::type> {};
        -:  319:#endif
        -:  320:
        -:  321:// is_integral
        -:  322:
        -:  323:template <class _Tp> struct __libcpp_is_integral                     : public false_type {};
        -:  324:template <>          struct __libcpp_is_integral<bool>               : public true_type {};
        -:  325:template <>          struct __libcpp_is_integral<char>               : public true_type {};
        -:  326:template <>          struct __libcpp_is_integral<signed char>        : public true_type {};
        -:  327:template <>          struct __libcpp_is_integral<unsigned char>      : public true_type {};
        -:  328:template <>          struct __libcpp_is_integral<wchar_t>            : public true_type {};
        -:  329:#ifndef _LIBCPP_HAS_NO_UNICODE_CHARS
        -:  330:template <>          struct __libcpp_is_integral<char16_t>           : public true_type {};
        -:  331:template <>          struct __libcpp_is_integral<char32_t>           : public true_type {};
        -:  332:#endif  // _LIBCPP_HAS_NO_UNICODE_CHARS
        -:  333:template <>          struct __libcpp_is_integral<short>              : public true_type {};
        -:  334:template <>          struct __libcpp_is_integral<unsigned short>     : public true_type {};
        -:  335:template <>          struct __libcpp_is_integral<int>                : public true_type {};
        -:  336:template <>          struct __libcpp_is_integral<unsigned int>       : public true_type {};
        -:  337:template <>          struct __libcpp_is_integral<long>               : public true_type {};
        -:  338:template <>          struct __libcpp_is_integral<unsigned long>      : public true_type {};
        -:  339:template <>          struct __libcpp_is_integral<long long>          : public true_type {};
        -:  340:template <>          struct __libcpp_is_integral<unsigned long long> : public true_type {};
        -:  341:#ifndef _LIBCPP_HAS_NO_INT128
        -:  342:template <>          struct __libcpp_is_integral<__int128_t>         : public true_type {};
        -:  343:template <>          struct __libcpp_is_integral<__uint128_t>        : public true_type {};
        -:  344:#endif
        -:  345:
        -:  346:template <class _Tp> struct _LIBCPP_TYPE_VIS_ONLY is_integral
        -:  347:    : public __libcpp_is_integral<typename remove_cv<_Tp>::type> {};
        -:  348:
        -:  349:// is_floating_point
        -:  350:
        -:  351:template <class _Tp> struct __libcpp_is_floating_point              : public false_type {};
        -:  352:template <>          struct __libcpp_is_floating_point<float>       : public true_type {};
        -:  353:template <>          struct __libcpp_is_floating_point<double>      : public true_type {};
        -:  354:template <>          struct __libcpp_is_floating_point<long double> : public true_type {};
        -:  355:
        -:  356:template <class _Tp> struct _LIBCPP_TYPE_VIS_ONLY is_floating_point
        -:  357:    : public __libcpp_is_floating_point<typename remove_cv<_Tp>::type> {};
        -:  358:
        -:  359:// is_array
        -:  360:
        -:  361:template <class _Tp> struct _LIBCPP_TYPE_VIS_ONLY is_array
        -:  362:    : public false_type {};
        -:  363:template <class _Tp> struct _LIBCPP_TYPE_VIS_ONLY is_array<_Tp[]>
        -:  364:    : public true_type {};
        -:  365:template <class _Tp, size_t _Np> struct _LIBCPP_TYPE_VIS_ONLY is_array<_Tp[_Np]>
        -:  366:    : public true_type {};
        -:  367:
        -:  368:// is_pointer
        -:  369:
        -:  370:template <class _Tp> struct __libcpp_is_pointer       : public false_type {};
        -:  371:template <class _Tp> struct __libcpp_is_pointer<_Tp*> : public true_type {};
        -:  372:
        -:  373:template <class _Tp> struct _LIBCPP_TYPE_VIS_ONLY is_pointer
        -:  374:    : public __libcpp_is_pointer<typename remove_cv<_Tp>::type> {};
        -:  375:
        -:  376:// is_reference
        -:  377:
        -:  378:template <class _Tp> struct _LIBCPP_TYPE_VIS_ONLY is_lvalue_reference       : public false_type {};
        -:  379:template <class _Tp> struct _LIBCPP_TYPE_VIS_ONLY is_lvalue_reference<_Tp&> : public true_type {};
        -:  380:
        -:  381:template <class _Tp> struct _LIBCPP_TYPE_VIS_ONLY is_rvalue_reference        : public false_type {};
        -:  382:#ifndef _LIBCPP_HAS_NO_RVALUE_REFERENCES
        -:  383:template <class _Tp> struct _LIBCPP_TYPE_VIS_ONLY is_rvalue_reference<_Tp&&> : public true_type {};
        -:  384:#endif
        -:  385:
        -:  386:template <class _Tp> struct _LIBCPP_TYPE_VIS_ONLY is_reference        : public false_type {};
        -:  387:template <class _Tp> struct _LIBCPP_TYPE_VIS_ONLY is_reference<_Tp&>  : public true_type {};
        -:  388:#ifndef _LIBCPP_HAS_NO_RVALUE_REFERENCES
        -:  389:template <class _Tp> struct _LIBCPP_TYPE_VIS_ONLY is_reference<_Tp&&> : public true_type {};
        -:  390:#endif
        -:  391:
        -:  392:// is_union
        -:  393:
        -:  394:#if __has_feature(is_union) || (_GNUC_VER >= 403)
        -:  395:
        -:  396:template <class _Tp> struct _LIBCPP_TYPE_VIS_ONLY is_union
        -:  397:    : public integral_constant<bool, __is_union(_Tp)> {};
        -:  398:
        -:  399:#else
        -:  400:
        -:  401:template <class _Tp> struct __libcpp_union : public false_type {};
        -:  402:template <class _Tp> struct _LIBCPP_TYPE_VIS_ONLY is_union
        -:  403:    : public __libcpp_union<typename remove_cv<_Tp>::type> {};
        -:  404:
        -:  405:#endif
        -:  406:
        -:  407:// is_class
        -:  408:
        -:  409:#if __has_feature(is_class) || (_GNUC_VER >= 403)
        -:  410:
        -:  411:template <class _Tp> struct _LIBCPP_TYPE_VIS_ONLY is_class
        -:  412:    : public integral_constant<bool, __is_class(_Tp)> {};
        -:  413:
        -:  414:#else
        -:  415:
        -:  416:namespace __is_class_imp
        -:  417:{
        -:  418:template <class _Tp> char  __test(int _Tp::*);
        -:  419:template <class _Tp> __two __test(...);
        -:  420:}
        -:  421:
        -:  422:template <class _Tp> struct _LIBCPP_TYPE_VIS_ONLY is_class
        -:  423:    : public integral_constant<bool, sizeof(__is_class_imp::__test<_Tp>(0)) == 1 && !is_union<_Tp>::value> {};
        -:  424:
        -:  425:#endif
        -:  426:
        -:  427:// is_same
        -:  428:
        -:  429:template <class _Tp, class _Up> struct _LIBCPP_TYPE_VIS_ONLY is_same           : public false_type {};
        -:  430:template <class _Tp>            struct _LIBCPP_TYPE_VIS_ONLY is_same<_Tp, _Tp> : public true_type {};
        -:  431:
        -:  432:// is_function
        -:  433:
        -:  434:namespace __libcpp_is_function_imp
        -:  435:{
        -:  436:struct __dummy_type {};
        -:  437:template <class _Tp> char  __test(_Tp*);
        -:  438:template <class _Tp> char __test(__dummy_type);
        -:  439:template <class _Tp> __two __test(...);
        -:  440:template <class _Tp> _Tp&  __source(int);
        -:  441:template <class _Tp> __dummy_type __source(...);
        -:  442:}
        -:  443:
        -:  444:template <class _Tp, bool = is_class<_Tp>::value ||
        -:  445:                            is_union<_Tp>::value ||
        -:  446:                            is_void<_Tp>::value  ||
        -:  447:                            is_reference<_Tp>::value ||
        -:  448:                            __is_nullptr_t<_Tp>::value >
        -:  449:struct __libcpp_is_function
        -:  450:    : public integral_constant<bool, sizeof(__libcpp_is_function_imp::__test<_Tp>(__libcpp_is_function_imp::__source<_Tp>(0))) == 1>
        -:  451:    {};
        -:  452:template <class _Tp> struct __libcpp_is_function<_Tp, true> : public false_type {};
        -:  453:
        -:  454:template <class _Tp> struct _LIBCPP_TYPE_VIS_ONLY is_function
        -:  455:    : public __libcpp_is_function<_Tp> {};
        -:  456:
        -:  457:// is_member_function_pointer
        -:  458:
        -:  459:// template <class _Tp> struct            __libcpp_is_member_function_pointer             : public false_type {};
        -:  460:// template <class _Tp, class _Up> struct __libcpp_is_member_function_pointer<_Tp _Up::*> : public is_function<_Tp> {};
        -:  461:// 
        -:  462:
        -:  463:template <class _MP, bool _IsMemberFuctionPtr, bool _IsMemberObjectPtr>
        -:  464:struct __member_pointer_traits_imp
        -:  465:{  // forward declaration; specializations later
        -:  466:};
        -:  467:
        -:  468:
        -:  469:namespace __libcpp_is_member_function_pointer_imp {
        -:  470:    template <typename _Tp>
        -:  471:    char __test(typename std::__member_pointer_traits_imp<_Tp, true, false>::_FnType *);
        -:  472:
        -:  473:    template <typename>
        -:  474:    std::__two __test(...);
        -:  475:};
        -:  476:    
        -:  477:template <class _Tp> struct __libcpp_is_member_function_pointer
        -:  478:    : public integral_constant<bool, sizeof(__libcpp_is_member_function_pointer_imp::__test<_Tp>(nullptr)) == 1> {};
        -:  479:
        -:  480:template <class _Tp> struct _LIBCPP_TYPE_VIS_ONLY is_member_function_pointer
        -:  481:    : public __libcpp_is_member_function_pointer<typename remove_cv<_Tp>::type> {};
        -:  482:
        -:  483:// is_member_pointer
        -:  484:
        -:  485:template <class _Tp>            struct __libcpp_is_member_pointer             : public false_type {};
        -:  486:template <class _Tp, class _Up> struct __libcpp_is_member_pointer<_Tp _Up::*> : public true_type {};
        -:  487:
        -:  488:template <class _Tp> struct _LIBCPP_TYPE_VIS_ONLY is_member_pointer
        -:  489:    : public __libcpp_is_member_pointer<typename remove_cv<_Tp>::type> {};
        -:  490:
        -:  491:// is_member_object_pointer
        -:  492:
        -:  493:template <class _Tp> struct _LIBCPP_TYPE_VIS_ONLY is_member_object_pointer
        -:  494:    : public integral_constant<bool, is_member_pointer<_Tp>::value &&
        -:  495:                                    !is_member_function_pointer<_Tp>::value> {};
        -:  496:
        -:  497:// is_enum
        -:  498:
        -:  499:#if __has_feature(is_enum) || (_GNUC_VER >= 403)
        -:  500:
        -:  501:template <class _Tp> struct _LIBCPP_TYPE_VIS_ONLY is_enum
        -:  502:    : public integral_constant<bool, __is_enum(_Tp)> {};
        -:  503:
        -:  504:#else
        -:  505:
        -:  506:template <class _Tp> struct _LIBCPP_TYPE_VIS_ONLY is_enum
        -:  507:    : public integral_constant<bool, !is_void<_Tp>::value             &&
        -:  508:                                     !is_integral<_Tp>::value         &&
        -:  509:                                     !is_floating_point<_Tp>::value   &&
        -:  510:                                     !is_array<_Tp>::value            &&
        -:  511:                                     !is_pointer<_Tp>::value          &&
        -:  512:                                     !is_reference<_Tp>::value        &&
        -:  513:                                     !is_member_pointer<_Tp>::value   &&
        -:  514:                                     !is_union<_Tp>::value            &&
        -:  515:                                     !is_class<_Tp>::value            &&
        -:  516:                                     !is_function<_Tp>::value         > {};
        -:  517:
        -:  518:#endif
        -:  519:
        -:  520:// is_arithmetic
        -:  521:
        -:  522:template <class _Tp> struct _LIBCPP_TYPE_VIS_ONLY is_arithmetic
        -:  523:    : public integral_constant<bool, is_integral<_Tp>::value      ||
        -:  524:                                     is_floating_point<_Tp>::value> {};
        -:  525:
        -:  526:// is_fundamental
        -:  527:
        -:  528:template <class _Tp> struct _LIBCPP_TYPE_VIS_ONLY is_fundamental
        -:  529:    : public integral_constant<bool, is_void<_Tp>::value        ||
        -:  530:                                     __is_nullptr_t<_Tp>::value ||
        -:  531:                                     is_arithmetic<_Tp>::value> {};
        -:  532:
        -:  533:// is_scalar
        -:  534:
        -:  535:template <class _Tp> struct _LIBCPP_TYPE_VIS_ONLY is_scalar
        -:  536:    : public integral_constant<bool, is_arithmetic<_Tp>::value     ||
        -:  537:                                     is_member_pointer<_Tp>::value ||
        -:  538:                                     is_pointer<_Tp>::value        ||
        -:  539:                                     __is_nullptr_t<_Tp>::value    ||
        -:  540:                                     is_enum<_Tp>::value           > {};
        -:  541:
        -:  542:template <> struct _LIBCPP_TYPE_VIS_ONLY is_scalar<nullptr_t> : public true_type {};
        -:  543:
        -:  544:// is_object
        -:  545:
        -:  546:template <class _Tp> struct _LIBCPP_TYPE_VIS_ONLY is_object
        -:  547:    : public integral_constant<bool, is_scalar<_Tp>::value ||
        -:  548:                                     is_array<_Tp>::value  ||
        -:  549:                                     is_union<_Tp>::value  ||
        -:  550:                                     is_class<_Tp>::value  > {};
        -:  551:
        -:  552:// is_compound
        -:  553:
        -:  554:template <class _Tp> struct _LIBCPP_TYPE_VIS_ONLY is_compound
        -:  555:    : public integral_constant<bool, !is_fundamental<_Tp>::value> {};
        -:  556:
        -:  557:// add_const
        -:  558:
        -:  559:template <class _Tp, bool = is_reference<_Tp>::value ||
        -:  560:                            is_function<_Tp>::value  ||
        -:  561:                            is_const<_Tp>::value     >
        -:  562:struct __add_const             {typedef _Tp type;};
        -:  563:
        -:  564:template <class _Tp>
        -:  565:struct __add_const<_Tp, false> {typedef const _Tp type;};
        -:  566:
        -:  567:template <class _Tp> struct _LIBCPP_TYPE_VIS_ONLY add_const
        -:  568:    {typedef typename __add_const<_Tp>::type type;};
        -:  569:
        -:  570:#if _LIBCPP_STD_VER > 11
        -:  571:template <class _Tp> using add_const_t = typename add_const<_Tp>::type;
        -:  572:#endif
        -:  573:
        -:  574:// add_volatile
        -:  575:
        -:  576:template <class _Tp, bool = is_reference<_Tp>::value ||
        -:  577:                            is_function<_Tp>::value  ||
        -:  578:                            is_volatile<_Tp>::value  >
        -:  579:struct __add_volatile             {typedef _Tp type;};
        -:  580:
        -:  581:template <class _Tp>
        -:  582:struct __add_volatile<_Tp, false> {typedef volatile _Tp type;};
        -:  583:
        -:  584:template <class _Tp> struct _LIBCPP_TYPE_VIS_ONLY add_volatile
        -:  585:    {typedef typename __add_volatile<_Tp>::type type;};
        -:  586:
        -:  587:#if _LIBCPP_STD_VER > 11
        -:  588:template <class _Tp> using add_volatile_t = typename add_volatile<_Tp>::type;
        -:  589:#endif
        -:  590:
        -:  591:// add_cv
        -:  592:
        -:  593:template <class _Tp> struct _LIBCPP_TYPE_VIS_ONLY add_cv
        -:  594:    {typedef typename add_const<typename add_volatile<_Tp>::type>::type type;};
        -:  595:
        -:  596:#if _LIBCPP_STD_VER > 11
        -:  597:template <class _Tp> using add_cv_t = typename add_cv<_Tp>::type;
        -:  598:#endif
        -:  599:
        -:  600:// remove_reference
        -:  601:
        -:  602:template <class _Tp> struct _LIBCPP_TYPE_VIS_ONLY remove_reference        {typedef _Tp type;};
        -:  603:template <class _Tp> struct _LIBCPP_TYPE_VIS_ONLY remove_reference<_Tp&>  {typedef _Tp type;};
        -:  604:#ifndef _LIBCPP_HAS_NO_RVALUE_REFERENCES
        -:  605:template <class _Tp> struct _LIBCPP_TYPE_VIS_ONLY remove_reference<_Tp&&> {typedef _Tp type;};
        -:  606:#endif
        -:  607:
        -:  608:#if _LIBCPP_STD_VER > 11
        -:  609:template <class _Tp> using remove_reference_t = typename remove_reference<_Tp>::type;
        -:  610:#endif
        -:  611:
        -:  612:// add_lvalue_reference
        -:  613:
        -:  614:template <class _Tp> struct _LIBCPP_TYPE_VIS_ONLY add_lvalue_reference                      {typedef _Tp& type;};
        -:  615:template <class _Tp> struct _LIBCPP_TYPE_VIS_ONLY add_lvalue_reference<_Tp&>                {typedef _Tp& type;};  // for older compiler
        -:  616:template <>          struct _LIBCPP_TYPE_VIS_ONLY add_lvalue_reference<void>                {typedef void type;};
        -:  617:template <>          struct _LIBCPP_TYPE_VIS_ONLY add_lvalue_reference<const void>          {typedef const void type;};
        -:  618:template <>          struct _LIBCPP_TYPE_VIS_ONLY add_lvalue_reference<volatile void>       {typedef volatile void type;};
        -:  619:template <>          struct _LIBCPP_TYPE_VIS_ONLY add_lvalue_reference<const volatile void> {typedef const volatile void type;};
        -:  620:
        -:  621:#if _LIBCPP_STD_VER > 11
        -:  622:template <class _Tp> using add_lvalue_reference_t = typename add_lvalue_reference<_Tp>::type;
        -:  623:#endif
        -:  624:
        -:  625:#ifndef _LIBCPP_HAS_NO_RVALUE_REFERENCES
        -:  626:
        -:  627:template <class _Tp> struct _LIBCPP_TYPE_VIS_ONLY  add_rvalue_reference                     {typedef _Tp&& type;};
        -:  628:template <>          struct _LIBCPP_TYPE_VIS_ONLY add_rvalue_reference<void>                {typedef void type;};
        -:  629:template <>          struct _LIBCPP_TYPE_VIS_ONLY add_rvalue_reference<const void>          {typedef const void type;};
        -:  630:template <>          struct _LIBCPP_TYPE_VIS_ONLY add_rvalue_reference<volatile void>       {typedef volatile void type;};
        -:  631:template <>          struct _LIBCPP_TYPE_VIS_ONLY add_rvalue_reference<const volatile void> {typedef const volatile void type;};
        -:  632:
        -:  633:#if _LIBCPP_STD_VER > 11
        -:  634:template <class _Tp> using add_rvalue_reference_t = typename add_rvalue_reference<_Tp>::type;
        -:  635:#endif
        -:  636:
        -:  637:#endif  // _LIBCPP_HAS_NO_RVALUE_REFERENCES
        -:  638:
        -:  639:#ifndef _LIBCPP_HAS_NO_RVALUE_REFERENCES
        -:  640:
        -:  641:template <class _Tp>
        -:  642:typename add_rvalue_reference<_Tp>::type
        -:  643:declval() _NOEXCEPT;
        -:  644:
        -:  645:#else  // _LIBCPP_HAS_NO_RVALUE_REFERENCES
        -:  646:
        -:  647:template <class _Tp>
        -:  648:typename add_lvalue_reference<_Tp>::type
        -:  649:declval();
        -:  650:
        -:  651:#endif  // _LIBCPP_HAS_NO_RVALUE_REFERENCES
        -:  652:
        -:  653:struct __any
        -:  654:{
        -:  655:    __any(...);
        -:  656:};
        -:  657:
        -:  658:// remove_pointer
        -:  659:
        -:  660:template <class _Tp> struct _LIBCPP_TYPE_VIS_ONLY remove_pointer                      {typedef _Tp type;};
        -:  661:template <class _Tp> struct _LIBCPP_TYPE_VIS_ONLY remove_pointer<_Tp*>                {typedef _Tp type;};
        -:  662:template <class _Tp> struct _LIBCPP_TYPE_VIS_ONLY remove_pointer<_Tp* const>          {typedef _Tp type;};
        -:  663:template <class _Tp> struct _LIBCPP_TYPE_VIS_ONLY remove_pointer<_Tp* volatile>       {typedef _Tp type;};
        -:  664:template <class _Tp> struct _LIBCPP_TYPE_VIS_ONLY remove_pointer<_Tp* const volatile> {typedef _Tp type;};
        -:  665:
        -:  666:#if _LIBCPP_STD_VER > 11
        -:  667:template <class _Tp> using remove_pointer_t = typename remove_pointer<_Tp>::type;
        -:  668:#endif
        -:  669:
        -:  670:// add_pointer
        -:  671:
        -:  672:template <class _Tp> struct _LIBCPP_TYPE_VIS_ONLY add_pointer
        -:  673:    {typedef typename remove_reference<_Tp>::type* type;};
        -:  674:
        -:  675:#if _LIBCPP_STD_VER > 11
        -:  676:template <class _Tp> using add_pointer_t = typename add_pointer<_Tp>::type;
        -:  677:#endif
        -:  678:
        -:  679:// is_signed
        -:  680:
        -:  681:template <class _Tp, bool = is_integral<_Tp>::value>
        -:  682:struct __libcpp_is_signed_impl : public integral_constant<bool, _Tp(-1) < _Tp(0)> {};
        -:  683:
        -:  684:template <class _Tp>
        -:  685:struct __libcpp_is_signed_impl<_Tp, false> : public true_type {};  // floating point
        -:  686:
        -:  687:template <class _Tp, bool = is_arithmetic<_Tp>::value>
        -:  688:struct __libcpp_is_signed : public __libcpp_is_signed_impl<_Tp> {};
        -:  689:
        -:  690:template <class _Tp> struct __libcpp_is_signed<_Tp, false> : public false_type {};
        -:  691:
        -:  692:template <class _Tp> struct _LIBCPP_TYPE_VIS_ONLY is_signed : public __libcpp_is_signed<_Tp> {};
        -:  693:
        -:  694:// is_unsigned
        -:  695:
        -:  696:template <class _Tp, bool = is_integral<_Tp>::value>
        -:  697:struct __libcpp_is_unsigned_impl : public integral_constant<bool, _Tp(0) < _Tp(-1)> {};
        -:  698:
        -:  699:template <class _Tp>
        -:  700:struct __libcpp_is_unsigned_impl<_Tp, false> : public false_type {};  // floating point
        -:  701:
        -:  702:template <class _Tp, bool = is_arithmetic<_Tp>::value>
        -:  703:struct __libcpp_is_unsigned : public __libcpp_is_unsigned_impl<_Tp> {};
        -:  704:
        -:  705:template <class _Tp> struct __libcpp_is_unsigned<_Tp, false> : public false_type {};
        -:  706:
        -:  707:template <class _Tp> struct _LIBCPP_TYPE_VIS_ONLY is_unsigned : public __libcpp_is_unsigned<_Tp> {};
        -:  708:
        -:  709:// rank
        -:  710:
        -:  711:template <class _Tp> struct _LIBCPP_TYPE_VIS_ONLY rank
        -:  712:    : public integral_constant<size_t, 0> {};
        -:  713:template <class _Tp> struct _LIBCPP_TYPE_VIS_ONLY rank<_Tp[]>
        -:  714:    : public integral_constant<size_t, rank<_Tp>::value + 1> {};
        -:  715:template <class _Tp, size_t _Np> struct _LIBCPP_TYPE_VIS_ONLY rank<_Tp[_Np]>
        -:  716:    : public integral_constant<size_t, rank<_Tp>::value + 1> {};
        -:  717:
        -:  718:// extent
        -:  719:
        -:  720:template <class _Tp, unsigned _Ip = 0> struct _LIBCPP_TYPE_VIS_ONLY extent
        -:  721:    : public integral_constant<size_t, 0> {};
        -:  722:template <class _Tp> struct _LIBCPP_TYPE_VIS_ONLY extent<_Tp[], 0>
        -:  723:    : public integral_constant<size_t, 0> {};
        -:  724:template <class _Tp, unsigned _Ip> struct _LIBCPP_TYPE_VIS_ONLY extent<_Tp[], _Ip>
        -:  725:    : public integral_constant<size_t, extent<_Tp, _Ip-1>::value> {};
        -:  726:template <class _Tp, size_t _Np> struct _LIBCPP_TYPE_VIS_ONLY extent<_Tp[_Np], 0>
        -:  727:    : public integral_constant<size_t, _Np> {};
        -:  728:template <class _Tp, size_t _Np, unsigned _Ip> struct _LIBCPP_TYPE_VIS_ONLY extent<_Tp[_Np], _Ip>
        -:  729:    : public integral_constant<size_t, extent<_Tp, _Ip-1>::value> {};
        -:  730:
        -:  731:// remove_extent
        -:  732:
        -:  733:template <class _Tp> struct _LIBCPP_TYPE_VIS_ONLY remove_extent
        -:  734:    {typedef _Tp type;};
        -:  735:template <class _Tp> struct _LIBCPP_TYPE_VIS_ONLY remove_extent<_Tp[]>
        -:  736:    {typedef _Tp type;};
        -:  737:template <class _Tp, size_t _Np> struct _LIBCPP_TYPE_VIS_ONLY remove_extent<_Tp[_Np]>
        -:  738:    {typedef _Tp type;};
        -:  739:
        -:  740:#if _LIBCPP_STD_VER > 11
        -:  741:template <class _Tp> using remove_extent_t = typename remove_extent<_Tp>::type;
        -:  742:#endif
        -:  743:
        -:  744:// remove_all_extents
        -:  745:
        -:  746:template <class _Tp> struct _LIBCPP_TYPE_VIS_ONLY remove_all_extents
        -:  747:    {typedef _Tp type;};
        -:  748:template <class _Tp> struct _LIBCPP_TYPE_VIS_ONLY remove_all_extents<_Tp[]>
        -:  749:    {typedef typename remove_all_extents<_Tp>::type type;};
        -:  750:template <class _Tp, size_t _Np> struct _LIBCPP_TYPE_VIS_ONLY remove_all_extents<_Tp[_Np]>
        -:  751:    {typedef typename remove_all_extents<_Tp>::type type;};
        -:  752:
        -:  753:#if _LIBCPP_STD_VER > 11
        -:  754:template <class _Tp> using remove_all_extents_t = typename remove_all_extents<_Tp>::type;
        -:  755:#endif
        -:  756:
        -:  757:// decay
        -:  758:
        -:  759:template <class _Tp>
        -:  760:struct _LIBCPP_TYPE_VIS_ONLY decay
        -:  761:{
        -:  762:private:
        -:  763:    typedef typename remove_reference<_Tp>::type _Up;
        -:  764:public:
        -:  765:    typedef typename conditional
        -:  766:                     <
        -:  767:                         is_array<_Up>::value,
        -:  768:                         typename remove_extent<_Up>::type*,
        -:  769:                         typename conditional
        -:  770:                         <
        -:  771:                              is_function<_Up>::value,
        -:  772:                              typename add_pointer<_Up>::type,
        -:  773:                              typename remove_cv<_Up>::type
        -:  774:                         >::type
        -:  775:                     >::type type;
        -:  776:};
        -:  777:
        -:  778:#if _LIBCPP_STD_VER > 11
        -:  779:template <class _Tp> using decay_t = typename decay<_Tp>::type;
        -:  780:#endif
        -:  781:
        -:  782:// is_abstract
        -:  783:
        -:  784:namespace __is_abstract_imp
        -:  785:{
        -:  786:template <class _Tp> char  __test(_Tp (*)[1]);
        -:  787:template <class _Tp> __two __test(...);
        -:  788:}
        -:  789:
        -:  790:template <class _Tp, bool = is_class<_Tp>::value>
        -:  791:struct __libcpp_abstract : public integral_constant<bool, sizeof(__is_abstract_imp::__test<_Tp>(0)) != 1> {};
        -:  792:
        -:  793:template <class _Tp> struct __libcpp_abstract<_Tp, false> : public false_type {};
        -:  794:
        -:  795:template <class _Tp> struct _LIBCPP_TYPE_VIS_ONLY is_abstract : public __libcpp_abstract<_Tp> {};
        -:  796:
        -:  797:// is_final
        -:  798:
        -:  799:#if _LIBCPP_STD_VER > 11 && __has_feature(is_final)
        -:  800:template <class _Tp> struct _LIBCPP_TYPE_VIS_ONLY 
        -:  801:is_final : public integral_constant<bool, __is_final(_Tp)> {};
        -:  802:#endif
        -:  803:
        -:  804:// is_base_of
        -:  805:
        -:  806:#ifdef _LIBCPP_HAS_IS_BASE_OF
        -:  807:
        -:  808:template <class _Bp, class _Dp>
        -:  809:struct _LIBCPP_TYPE_VIS_ONLY is_base_of
        -:  810:    : public integral_constant<bool, __is_base_of(_Bp, _Dp)> {};
        -:  811:
        -:  812:#else  // _LIBCPP_HAS_IS_BASE_OF
        -:  813:
        -:  814:namespace __is_base_of_imp
        -:  815:{
        -:  816:template <class _Tp>
        -:  817:struct _Dst
        -:  818:{
        -:  819:    _Dst(const volatile _Tp &);
        -:  820:};
        -:  821:template <class _Tp>
        -:  822:struct _Src
        -:  823:{
        -:  824:    operator const volatile _Tp &();
        -:  825:    template <class _Up> operator const _Dst<_Up> &();
        -:  826:};
        -:  827:template <size_t> struct __one { typedef char type; };
        -:  828:template <class _Bp, class _Dp> typename __one<sizeof(_Dst<_Bp>(declval<_Src<_Dp> >()))>::type __test(int);
        -:  829:template <class _Bp, class _Dp> __two __test(...);
        -:  830:}
        -:  831:
        -:  832:template <class _Bp, class _Dp>
        -:  833:struct _LIBCPP_TYPE_VIS_ONLY is_base_of
        -:  834:    : public integral_constant<bool, is_class<_Bp>::value &&
        -:  835:                                     sizeof(__is_base_of_imp::__test<_Bp, _Dp>(0)) == 2> {};
        -:  836:
        -:  837:#endif  // _LIBCPP_HAS_IS_BASE_OF
        -:  838:
        -:  839:// is_convertible
        -:  840:
        -:  841:#if __has_feature(is_convertible_to)
        -:  842:
        -:  843:template <class _T1, class _T2> struct _LIBCPP_TYPE_VIS_ONLY is_convertible
        -:  844:    : public integral_constant<bool, __is_convertible_to(_T1, _T2) &&
        -:  845:                                     !is_abstract<_T2>::value> {};
        -:  846:
        -:  847:#else  // __has_feature(is_convertible_to)
        -:  848:
        -:  849:namespace __is_convertible_imp
        -:  850:{
        -:  851:template <class _Tp> char  __test(_Tp);
        -:  852:template <class _Tp> __two __test(...);
        -:  853:#ifndef _LIBCPP_HAS_NO_RVALUE_REFERENCES
        -:  854:template <class _Tp> _Tp&& __source();
        -:  855:#else
        -:  856:template <class _Tp> typename remove_reference<_Tp>::type& __source();
        -:  857:#endif
        -:  858:
        -:  859:template <class _Tp, bool _IsArray =    is_array<_Tp>::value,
        -:  860:                     bool _IsFunction = is_function<_Tp>::value,
        -:  861:                     bool _IsVoid =     is_void<_Tp>::value>
        -:  862:                     struct __is_array_function_or_void                          {enum {value = 0};};
        -:  863:template <class _Tp> struct __is_array_function_or_void<_Tp, true, false, false> {enum {value = 1};};
        -:  864:template <class _Tp> struct __is_array_function_or_void<_Tp, false, true, false> {enum {value = 2};};
        -:  865:template <class _Tp> struct __is_array_function_or_void<_Tp, false, false, true> {enum {value = 3};};
        -:  866:}
        -:  867:
        -:  868:template <class _Tp,
        -:  869:    unsigned = __is_convertible_imp::__is_array_function_or_void<typename remove_reference<_Tp>::type>::value>
        -:  870:struct __is_convertible_check
        -:  871:{
        -:  872:    static const size_t __v = 0;
        -:  873:};
        -:  874:
        -:  875:template <class _Tp>
        -:  876:struct __is_convertible_check<_Tp, 0>
        -:  877:{
        -:  878:    static const size_t __v = sizeof(_Tp);
        -:  879:};
        -:  880:
        -:  881:template <class _T1, class _T2,
        -:  882:    unsigned _T1_is_array_function_or_void = __is_convertible_imp::__is_array_function_or_void<_T1>::value,
        -:  883:    unsigned _T2_is_array_function_or_void = __is_convertible_imp::__is_array_function_or_void<_T2>::value>
        -:  884:struct __is_convertible
        -:  885:    : public integral_constant<bool,
        -:  886:#ifndef _LIBCPP_HAS_NO_RVALUE_REFERENCES
        -:  887:        sizeof(__is_convertible_imp::__test<_T2>(__is_convertible_imp::__source<_T1>())) == 1
        -:  888:#else
        -:  889:        sizeof(__is_convertible_imp::__test<_T2>(__is_convertible_imp::__source<_T1>())) == 1
        -:  890:         && !(!is_function<_T1>::value && !is_reference<_T1>::value && is_reference<_T2>::value
        -:  891:              && (!is_const<typename remove_reference<_T2>::type>::value
        -:  892:                  || is_volatile<typename remove_reference<_T2>::type>::value)
        -:  893:                  && (is_same<typename remove_cv<_T1>::type,
        -:  894:                              typename remove_cv<typename remove_reference<_T2>::type>::type>::value
        -:  895:                      || is_base_of<typename remove_reference<_T2>::type, _T1>::value))
        -:  896:#endif
        -:  897:    >
        -:  898:{};
        -:  899:
        -:  900:template <class _T1, class _T2> struct __is_convertible<_T1, _T2, 1, 0> : false_type {};
        -:  901:
        -:  902:template <class _T1> struct __is_convertible<_T1, const _T1&, 1, 0> : true_type {};
        -:  903:#ifndef _LIBCPP_HAS_NO_RVALUE_REFERENCES
        -:  904:template <class _T1> struct __is_convertible<_T1, _T1&&, 1, 0> : true_type {};
        -:  905:template <class _T1> struct __is_convertible<_T1, const _T1&&, 1, 0> : true_type {};
        -:  906:template <class _T1> struct __is_convertible<_T1, volatile _T1&&, 1, 0> : true_type {};
        -:  907:template <class _T1> struct __is_convertible<_T1, const volatile _T1&&, 1, 0> : true_type {};
        -:  908:#endif  // _LIBCPP_HAS_NO_RVALUE_REFERENCES
        -:  909:
        -:  910:template <class _T1, class _T2> struct __is_convertible<_T1, _T2*, 1, 0>
        -:  911:    : public integral_constant<bool, __is_convertible<typename remove_all_extents<_T1>::type*, _T2*>::value> {};
        -:  912:
        -:  913:template <class _T1, class _T2> struct __is_convertible<_T1, _T2* const, 1, 0>
        -:  914:    : public integral_constant<bool, __is_convertible<typename remove_all_extents<_T1>::type*, _T2*const>::value> {};
        -:  915:
        -:  916:template <class _T1, class _T2> struct __is_convertible<_T1, _T2* volatile, 1, 0>
        -:  917:    : public integral_constant<bool, __is_convertible<typename remove_all_extents<_T1>::type*, _T2*volatile>::value> {};
        -:  918:
        -:  919:template <class _T1, class _T2> struct __is_convertible<_T1, _T2* const volatile, 1, 0>
        -:  920:    : public integral_constant<bool, __is_convertible<typename remove_all_extents<_T1>::type*, _T2*const volatile>::value> {};
        -:  921:
        -:  922:template <class _T1, class _T2> struct __is_convertible<_T1, _T2, 2, 0>                : public false_type {};
        -:  923:#ifndef _LIBCPP_HAS_NO_RVALUE_REFERENCES
        -:  924:template <class _T1>            struct __is_convertible<_T1, _T1&&, 2, 0>               : public true_type {};
        -:  925:#endif
        -:  926:template <class _T1>            struct __is_convertible<_T1, _T1&, 2, 0>               : public true_type {};
        -:  927:template <class _T1>            struct __is_convertible<_T1, _T1*, 2, 0>               : public true_type {};
        -:  928:template <class _T1>            struct __is_convertible<_T1, _T1*const, 2, 0>          : public true_type {};
        -:  929:template <class _T1>            struct __is_convertible<_T1, _T1*volatile, 2, 0>       : public true_type {};
        -:  930:template <class _T1>            struct __is_convertible<_T1, _T1*const volatile, 2, 0> : public true_type {};
        -:  931:
        -:  932:template <class _T1, class _T2> struct __is_convertible<_T1, _T2, 3, 0> : public false_type {};
        -:  933:
        -:  934:template <class _T1, class _T2> struct __is_convertible<_T1, _T2, 0, 1> : public false_type {};
        -:  935:template <class _T1, class _T2> struct __is_convertible<_T1, _T2, 1, 1> : public false_type {};
        -:  936:template <class _T1, class _T2> struct __is_convertible<_T1, _T2, 2, 1> : public false_type {};
        -:  937:template <class _T1, class _T2> struct __is_convertible<_T1, _T2, 3, 1> : public false_type {};
        -:  938:
        -:  939:template <class _T1, class _T2> struct __is_convertible<_T1, _T2, 0, 2> : public false_type {};
        -:  940:template <class _T1, class _T2> struct __is_convertible<_T1, _T2, 1, 2> : public false_type {};
        -:  941:template <class _T1, class _T2> struct __is_convertible<_T1, _T2, 2, 2> : public false_type {};
        -:  942:template <class _T1, class _T2> struct __is_convertible<_T1, _T2, 3, 2> : public false_type {};
        -:  943:
        -:  944:template <class _T1, class _T2> struct __is_convertible<_T1, _T2, 0, 3> : public false_type {};
        -:  945:template <class _T1, class _T2> struct __is_convertible<_T1, _T2, 1, 3> : public false_type {};
        -:  946:template <class _T1, class _T2> struct __is_convertible<_T1, _T2, 2, 3> : public false_type {};
        -:  947:template <class _T1, class _T2> struct __is_convertible<_T1, _T2, 3, 3> : public true_type {};
        -:  948:
        -:  949:template <class _T1, class _T2> struct _LIBCPP_TYPE_VIS_ONLY is_convertible
        -:  950:    : public __is_convertible<_T1, _T2>
        -:  951:{
        -:  952:    static const size_t __complete_check1 = __is_convertible_check<_T1>::__v;
        -:  953:    static const size_t __complete_check2 = __is_convertible_check<_T2>::__v;
        -:  954:};
        -:  955:
        -:  956:#endif  // __has_feature(is_convertible_to)
        -:  957:
        -:  958:// is_empty
        -:  959:
        -:  960:#if __has_feature(is_empty) || (_GNUC_VER >= 407)
        -:  961:
        -:  962:template <class _Tp>
        -:  963:struct _LIBCPP_TYPE_VIS_ONLY is_empty
        -:  964:    : public integral_constant<bool, __is_empty(_Tp)> {};
        -:  965:
        -:  966:#else  // __has_feature(is_empty)
        -:  967:
        -:  968:template <class _Tp>
        -:  969:struct __is_empty1
        -:  970:    : public _Tp
        -:  971:{
        -:  972:    double __lx;
        -:  973:};
        -:  974:
        -:  975:struct __is_empty2
        -:  976:{
        -:  977:    double __lx;
        -:  978:};
        -:  979:
        -:  980:template <class _Tp, bool = is_class<_Tp>::value>
        -:  981:struct __libcpp_empty : public integral_constant<bool, sizeof(__is_empty1<_Tp>) == sizeof(__is_empty2)> {};
        -:  982:
        -:  983:template <class _Tp> struct __libcpp_empty<_Tp, false> : public false_type {};
        -:  984:
        -:  985:template <class _Tp> struct _LIBCPP_TYPE_VIS_ONLY is_empty : public __libcpp_empty<_Tp> {};
        -:  986:
        -:  987:#endif  // __has_feature(is_empty)
        -:  988:
        -:  989:// is_polymorphic
        -:  990:
        -:  991:#if __has_feature(is_polymorphic) || defined(_LIBCPP_MSVC)
        -:  992:
        -:  993:template <class _Tp>
        -:  994:struct _LIBCPP_TYPE_VIS_ONLY is_polymorphic
        -:  995:    : public integral_constant<bool, __is_polymorphic(_Tp)> {};
        -:  996:
        -:  997:#else
        -:  998:
        -:  999:template<typename _Tp> char &__is_polymorphic_impl(
        -: 1000:    typename enable_if<sizeof((_Tp*)dynamic_cast<const volatile void*>(declval<_Tp*>())) != 0,
        -: 1001:                       int>::type);
        -: 1002:template<typename _Tp> __two &__is_polymorphic_impl(...);
        -: 1003:
        -: 1004:template <class _Tp> struct _LIBCPP_TYPE_VIS_ONLY is_polymorphic
        -: 1005:    : public integral_constant<bool, sizeof(__is_polymorphic_impl<_Tp>(0)) == 1> {};
        -: 1006:
        -: 1007:#endif // __has_feature(is_polymorphic)
        -: 1008:
        -: 1009:// has_virtual_destructor
        -: 1010:
        -: 1011:#if __has_feature(has_virtual_destructor) || (_GNUC_VER >= 403)
        -: 1012:
        -: 1013:template <class _Tp> struct _LIBCPP_TYPE_VIS_ONLY has_virtual_destructor
        -: 1014:    : public integral_constant<bool, __has_virtual_destructor(_Tp)> {};
        -: 1015:
        -: 1016:#else
        -: 1017:
        -: 1018:template <class _Tp> struct _LIBCPP_TYPE_VIS_ONLY has_virtual_destructor
        -: 1019:    : public false_type {};
        -: 1020:
        -: 1021:#endif
        -: 1022:
        -: 1023:// alignment_of
        -: 1024:
        -: 1025:template <class _Tp> struct _LIBCPP_TYPE_VIS_ONLY alignment_of
        -: 1026:    : public integral_constant<size_t, __alignof__(_Tp)> {};
        -: 1027:
        -: 1028:// aligned_storage
        -: 1029:
        -: 1030:template <class _Hp, class _Tp>
        -: 1031:struct __type_list
        -: 1032:{
        -: 1033:    typedef _Hp _Head;
        -: 1034:    typedef _Tp _Tail;
        -: 1035:};
        -: 1036:
        -: 1037:struct __nat
        -: 1038:{
        -: 1039:#ifndef _LIBCPP_HAS_NO_DELETED_FUNCTIONS
        -: 1040:    __nat() = delete;
        -: 1041:    __nat(const __nat&) = delete;
        -: 1042:    __nat& operator=(const __nat&) = delete;
        -: 1043:    ~__nat() = delete;
        -: 1044:#endif
        -: 1045:};
        -: 1046:
        -: 1047:template <class _Tp>
        -: 1048:struct __align_type
        -: 1049:{
        -: 1050:    static const size_t value = alignment_of<_Tp>::value;
        -: 1051:    typedef _Tp type;
        -: 1052:};
        -: 1053:
        -: 1054:struct __struct_double {long double __lx;};
        -: 1055:struct __struct_double4 {double __lx[4];};
        -: 1056:
        -: 1057:typedef
        -: 1058:    __type_list<__align_type<unsigned char>,
        -: 1059:    __type_list<__align_type<unsigned short>,
        -: 1060:    __type_list<__align_type<unsigned int>,
        -: 1061:    __type_list<__align_type<unsigned long>,
        -: 1062:    __type_list<__align_type<unsigned long long>,
        -: 1063:    __type_list<__align_type<double>,
        -: 1064:    __type_list<__align_type<long double>,
        -: 1065:    __type_list<__align_type<__struct_double>,
        -: 1066:    __type_list<__align_type<__struct_double4>,
        -: 1067:    __type_list<__align_type<int*>,
        -: 1068:    __nat
        -: 1069:    > > > > > > > > > > __all_types;
        -: 1070:
        -: 1071:template <class _TL, size_t _Align> struct __find_pod;
        -: 1072:
        -: 1073:template <class _Hp, size_t _Align>
        -: 1074:struct __find_pod<__type_list<_Hp, __nat>, _Align>
        -: 1075:{
        -: 1076:    typedef typename conditional<
        -: 1077:                             _Align == _Hp::value,
        -: 1078:                             typename _Hp::type,
        -: 1079:                             void
        -: 1080:                         >::type type;
        -: 1081:};
        -: 1082:
        -: 1083:template <class _Hp, class _Tp, size_t _Align>
        -: 1084:struct __find_pod<__type_list<_Hp, _Tp>, _Align>
        -: 1085:{
        -: 1086:    typedef typename conditional<
        -: 1087:                             _Align == _Hp::value,
        -: 1088:                             typename _Hp::type,
        -: 1089:                             typename __find_pod<_Tp, _Align>::type
        -: 1090:                         >::type type;
        -: 1091:};
        -: 1092:
        -: 1093:template <class _TL, size_t _Len> struct __find_max_align;
        -: 1094:
        -: 1095:template <class _Hp, size_t _Len>
        -: 1096:struct __find_max_align<__type_list<_Hp, __nat>, _Len> : public integral_constant<size_t, _Hp::value> {};
        -: 1097:
        -: 1098:template <size_t _Len, size_t _A1, size_t _A2>
        -: 1099:struct __select_align
        -: 1100:{
        -: 1101:private:
        -: 1102:    static const size_t __min = _A2 < _A1 ? _A2 : _A1;
        -: 1103:    static const size_t __max = _A1 < _A2 ? _A2 : _A1;
        -: 1104:public:
        -: 1105:    static const size_t value = _Len < __max ? __min : __max;
        -: 1106:};
        -: 1107:
        -: 1108:template <class _Hp, class _Tp, size_t _Len>
        -: 1109:struct __find_max_align<__type_list<_Hp, _Tp>, _Len>
        -: 1110:    : public integral_constant<size_t, __select_align<_Len, _Hp::value, __find_max_align<_Tp, _Len>::value>::value> {};
        -: 1111:
        -: 1112:template <size_t _Len, size_t _Align = __find_max_align<__all_types, _Len>::value>
        -: 1113:struct _LIBCPP_TYPE_VIS_ONLY aligned_storage
        -: 1114:{
        -: 1115:    typedef typename __find_pod<__all_types, _Align>::type _Aligner;
        -: 1116:    static_assert(!is_void<_Aligner>::value, "");
        -: 1117:    union type
        -: 1118:    {
        -: 1119:        _Aligner __align;
        -: 1120:        unsigned char __data[_Len];
        -: 1121:    };
        -: 1122:};
        -: 1123:
        -: 1124:#if _LIBCPP_STD_VER > 11
        -: 1125:template <size_t _Len, size_t _Align = __find_max_align<__all_types, _Len>::value>
        -: 1126:    using aligned_storage_t = typename aligned_storage<_Len, _Align>::type;
        -: 1127:#endif
        -: 1128:
        -: 1129:#define _CREATE_ALIGNED_STORAGE_SPECIALIZATION(n) \
        -: 1130:template <size_t _Len>\
        -: 1131:struct _LIBCPP_TYPE_VIS_ONLY aligned_storage<_Len, n>\
        -: 1132:{\
        -: 1133:    struct _ALIGNAS(n) type\
        -: 1134:    {\
        -: 1135:        unsigned char __lx[_Len];\
        -: 1136:    };\
        -: 1137:}
        -: 1138:
        -: 1139:_CREATE_ALIGNED_STORAGE_SPECIALIZATION(0x1);
        -: 1140:_CREATE_ALIGNED_STORAGE_SPECIALIZATION(0x2);
        -: 1141:_CREATE_ALIGNED_STORAGE_SPECIALIZATION(0x4);
        -: 1142:_CREATE_ALIGNED_STORAGE_SPECIALIZATION(0x8);
        -: 1143:_CREATE_ALIGNED_STORAGE_SPECIALIZATION(0x10);
        -: 1144:_CREATE_ALIGNED_STORAGE_SPECIALIZATION(0x20);
        -: 1145:_CREATE_ALIGNED_STORAGE_SPECIALIZATION(0x40);
        -: 1146:_CREATE_ALIGNED_STORAGE_SPECIALIZATION(0x80);
        -: 1147:_CREATE_ALIGNED_STORAGE_SPECIALIZATION(0x100);
        -: 1148:_CREATE_ALIGNED_STORAGE_SPECIALIZATION(0x200);
        -: 1149:_CREATE_ALIGNED_STORAGE_SPECIALIZATION(0x400);
        -: 1150:_CREATE_ALIGNED_STORAGE_SPECIALIZATION(0x800);
        -: 1151:_CREATE_ALIGNED_STORAGE_SPECIALIZATION(0x1000);
        -: 1152:_CREATE_ALIGNED_STORAGE_SPECIALIZATION(0x2000);
        -: 1153:// MSDN says that MSVC does not support alignment beyond 8192 (=0x2000)
        -: 1154:#if !defined(_LIBCPP_MSVC)
        -: 1155:_CREATE_ALIGNED_STORAGE_SPECIALIZATION(0x4000);
        -: 1156:#endif // !_LIBCPP_MSVC
        -: 1157:
        -: 1158:#undef _CREATE_ALIGNED_STORAGE_SPECIALIZATION
        -: 1159:
        -: 1160:#ifndef _LIBCPP_HAS_NO_VARIADICS
        -: 1161:
        -: 1162:// aligned_union
        -: 1163:
        -: 1164:template <size_t _I0, size_t ..._In>
        -: 1165:struct __static_max;
        -: 1166:
        -: 1167:template <size_t _I0>
        -: 1168:struct __static_max<_I0>
        -: 1169:{
        -: 1170:    static const size_t value = _I0;
        -: 1171:};
        -: 1172:
        -: 1173:template <size_t _I0, size_t _I1, size_t ..._In>
        -: 1174:struct __static_max<_I0, _I1, _In...>
        -: 1175:{
        -: 1176:    static const size_t value = _I0 >= _I1 ? __static_max<_I0, _In...>::value :
        -: 1177:                                             __static_max<_I1, _In...>::value;
        -: 1178:};
        -: 1179:
        -: 1180:template <size_t _Len, class _Type0, class ..._Types>
        -: 1181:struct aligned_union
        -: 1182:{
        -: 1183:    static const size_t alignment_value = __static_max<__alignof__(_Type0),
        -: 1184:                                                       __alignof__(_Types)...>::value;
        -: 1185:    static const size_t __len = __static_max<_Len, sizeof(_Type0),
        -: 1186:                                             sizeof(_Types)...>::value;
        -: 1187:    typedef typename aligned_storage<__len, alignment_value>::type type;
        -: 1188:};
        -: 1189:
        -: 1190:#if _LIBCPP_STD_VER > 11
        -: 1191:template <size_t _Len, class ..._Types> using aligned_union_t = typename aligned_union<_Len, _Types...>::type;
        -: 1192:#endif
        -: 1193:
        -: 1194:#endif  // _LIBCPP_HAS_NO_VARIADICS
        -: 1195:
        -: 1196:template <class _Tp>
        -: 1197:struct __numeric_type
        -: 1198:{
        -: 1199:   static void __test(...);
        -: 1200:   static float __test(float);
        -: 1201:   static double __test(char);
        -: 1202:   static double __test(int);
        -: 1203:   static double __test(unsigned);
        -: 1204:   static double __test(long);
        -: 1205:   static double __test(unsigned long);
        -: 1206:   static double __test(long long);
        -: 1207:   static double __test(unsigned long long);
        -: 1208:   static double __test(double);
        -: 1209:   static long double __test(long double);
        -: 1210:
        -: 1211:   typedef decltype(__test(declval<_Tp>())) type;
        -: 1212:   static const bool value = !is_same<type, void>::value;
        -: 1213:};
        -: 1214:
        -: 1215:template <>
        -: 1216:struct __numeric_type<void>
        -: 1217:{
        -: 1218:   static const bool value = true;
        -: 1219:};
        -: 1220:
        -: 1221:// __promote
        -: 1222:
        -: 1223:template <class _A1, class _A2 = void, class _A3 = void,
        -: 1224:          bool = __numeric_type<_A1>::value &&
        -: 1225:                 __numeric_type<_A2>::value &&
        -: 1226:                 __numeric_type<_A3>::value>
        -: 1227:class __promote_imp
        -: 1228:{
        -: 1229:public:
        -: 1230:    static const bool value = false;
        -: 1231:};
        -: 1232:
        -: 1233:template <class _A1, class _A2, class _A3>
        -: 1234:class __promote_imp<_A1, _A2, _A3, true>
        -: 1235:{
        -: 1236:private:
        -: 1237:    typedef typename __promote_imp<_A1>::type __type1;
        -: 1238:    typedef typename __promote_imp<_A2>::type __type2;
        -: 1239:    typedef typename __promote_imp<_A3>::type __type3;
        -: 1240:public:
        -: 1241:    typedef decltype(__type1() + __type2() + __type3()) type;
        -: 1242:    static const bool value = true;
        -: 1243:};
        -: 1244:
        -: 1245:template <class _A1, class _A2>
        -: 1246:class __promote_imp<_A1, _A2, void, true>
        -: 1247:{
        -: 1248:private:
        -: 1249:    typedef typename __promote_imp<_A1>::type __type1;
        -: 1250:    typedef typename __promote_imp<_A2>::type __type2;
        -: 1251:public:
        -: 1252:    typedef decltype(__type1() + __type2()) type;
        -: 1253:    static const bool value = true;
        -: 1254:};
        -: 1255:
        -: 1256:template <class _A1>
        -: 1257:class __promote_imp<_A1, void, void, true>
        -: 1258:{
        -: 1259:public:
        -: 1260:    typedef typename __numeric_type<_A1>::type type;
        -: 1261:    static const bool value = true;
        -: 1262:};
        -: 1263:
        -: 1264:template <class _A1, class _A2 = void, class _A3 = void>
        -: 1265:class __promote : public __promote_imp<_A1, _A2, _A3> {};
        -: 1266:
        -: 1267:#ifdef _LIBCPP_STORE_AS_OPTIMIZATION
        -: 1268:
        -: 1269:// __transform
        -: 1270:
        -: 1271:template <class _Tp, size_t = sizeof(_Tp), bool = is_scalar<_Tp>::value> struct __transform {typedef _Tp type;};
        -: 1272:template <class _Tp> struct __transform<_Tp, 1, true> {typedef unsigned char      type;};
        -: 1273:template <class _Tp> struct __transform<_Tp, 2, true> {typedef unsigned short     type;};
        -: 1274:template <class _Tp> struct __transform<_Tp, 4, true> {typedef unsigned int       type;};
        -: 1275:template <class _Tp> struct __transform<_Tp, 8, true> {typedef unsigned long long type;};
        -: 1276:
        -: 1277:#endif  // _LIBCPP_STORE_AS_OPTIMIZATION
        -: 1278:
        -: 1279:// make_signed / make_unsigned
        -: 1280:
        -: 1281:typedef
        -: 1282:    __type_list<signed char,
        -: 1283:    __type_list<signed short,
        -: 1284:    __type_list<signed int,
        -: 1285:    __type_list<signed long,
        -: 1286:    __type_list<signed long long,
        -: 1287:#ifndef _LIBCPP_HAS_NO_INT128
        -: 1288:    __type_list<__int128_t,
        -: 1289:#endif
        -: 1290:    __nat
        -: 1291:#ifndef _LIBCPP_HAS_NO_INT128
        -: 1292:    >
        -: 1293:#endif
        -: 1294:    > > > > > __signed_types;
        -: 1295:
        -: 1296:typedef
        -: 1297:    __type_list<unsigned char,
        -: 1298:    __type_list<unsigned short,
        -: 1299:    __type_list<unsigned int,
        -: 1300:    __type_list<unsigned long,
        -: 1301:    __type_list<unsigned long long,
        -: 1302:#ifndef _LIBCPP_HAS_NO_INT128
        -: 1303:    __type_list<__uint128_t,
        -: 1304:#endif
        -: 1305:    __nat
        -: 1306:#ifndef _LIBCPP_HAS_NO_INT128
        -: 1307:    >
        -: 1308:#endif
        -: 1309:    > > > > > __unsigned_types;
        -: 1310:
        -: 1311:template <class _TypeList, size_t _Size, bool = _Size <= sizeof(typename _TypeList::_Head)> struct __find_first;
        -: 1312:
        -: 1313:template <class _Hp, class _Tp, size_t _Size>
        -: 1314:struct __find_first<__type_list<_Hp, _Tp>, _Size, true>
        -: 1315:{
        -: 1316:    typedef _Hp type;
        -: 1317:};
        -: 1318:
        -: 1319:template <class _Hp, class _Tp, size_t _Size>
        -: 1320:struct __find_first<__type_list<_Hp, _Tp>, _Size, false>
        -: 1321:{
        -: 1322:    typedef typename __find_first<_Tp, _Size>::type type;
        -: 1323:};
        -: 1324:
        -: 1325:template <class _Tp, class _Up, bool = is_const<typename remove_reference<_Tp>::type>::value,
        -: 1326:                             bool = is_volatile<typename remove_reference<_Tp>::type>::value>
        -: 1327:struct __apply_cv
        -: 1328:{
        -: 1329:    typedef _Up type;
        -: 1330:};
        -: 1331:
        -: 1332:template <class _Tp, class _Up>
        -: 1333:struct __apply_cv<_Tp, _Up, true, false>
        -: 1334:{
        -: 1335:    typedef const _Up type;
        -: 1336:};
        -: 1337:
        -: 1338:template <class _Tp, class _Up>
        -: 1339:struct __apply_cv<_Tp, _Up, false, true>
        -: 1340:{
        -: 1341:    typedef volatile _Up type;
        -: 1342:};
        -: 1343:
        -: 1344:template <class _Tp, class _Up>
        -: 1345:struct __apply_cv<_Tp, _Up, true, true>
        -: 1346:{
        -: 1347:    typedef const volatile _Up type;
        -: 1348:};
        -: 1349:
        -: 1350:template <class _Tp, class _Up>
        -: 1351:struct __apply_cv<_Tp&, _Up, false, false>
        -: 1352:{
        -: 1353:    typedef _Up& type;
        -: 1354:};
        -: 1355:
        -: 1356:template <class _Tp, class _Up>
        -: 1357:struct __apply_cv<_Tp&, _Up, true, false>
        -: 1358:{
        -: 1359:    typedef const _Up& type;
        -: 1360:};
        -: 1361:
        -: 1362:template <class _Tp, class _Up>
        -: 1363:struct __apply_cv<_Tp&, _Up, false, true>
        -: 1364:{
        -: 1365:    typedef volatile _Up& type;
        -: 1366:};
        -: 1367:
        -: 1368:template <class _Tp, class _Up>
        -: 1369:struct __apply_cv<_Tp&, _Up, true, true>
        -: 1370:{
        -: 1371:    typedef const volatile _Up& type;
        -: 1372:};
        -: 1373:
        -: 1374:template <class _Tp, bool = is_integral<_Tp>::value || is_enum<_Tp>::value>
        -: 1375:struct __make_signed {};
        -: 1376:
        -: 1377:template <class _Tp>
        -: 1378:struct __make_signed<_Tp, true>
        -: 1379:{
        -: 1380:    typedef typename __find_first<__signed_types, sizeof(_Tp)>::type type;
        -: 1381:};
        -: 1382:
        -: 1383:template <> struct __make_signed<bool,               true> {};
        -: 1384:template <> struct __make_signed<  signed short,     true> {typedef short     type;};
        -: 1385:template <> struct __make_signed<unsigned short,     true> {typedef short     type;};
        -: 1386:template <> struct __make_signed<  signed int,       true> {typedef int       type;};
        -: 1387:template <> struct __make_signed<unsigned int,       true> {typedef int       type;};
        -: 1388:template <> struct __make_signed<  signed long,      true> {typedef long      type;};
        -: 1389:template <> struct __make_signed<unsigned long,      true> {typedef long      type;};
        -: 1390:template <> struct __make_signed<  signed long long, true> {typedef long long type;};
        -: 1391:template <> struct __make_signed<unsigned long long, true> {typedef long long type;};
        -: 1392:#ifndef _LIBCPP_HAS_NO_INT128
        -: 1393:template <> struct __make_signed<__int128_t,         true> {typedef __int128_t type;};
        -: 1394:template <> struct __make_signed<__uint128_t,        true> {typedef __int128_t type;};
        -: 1395:#endif
        -: 1396:
        -: 1397:template <class _Tp>
        -: 1398:struct _LIBCPP_TYPE_VIS_ONLY make_signed
        -: 1399:{
        -: 1400:    typedef typename __apply_cv<_Tp, typename __make_signed<typename remove_cv<_Tp>::type>::type>::type type;
        -: 1401:};
        -: 1402:
        -: 1403:#if _LIBCPP_STD_VER > 11
        -: 1404:template <class _Tp> using make_signed_t = typename make_signed<_Tp>::type;
        -: 1405:#endif
        -: 1406:
        -: 1407:template <class _Tp, bool = is_integral<_Tp>::value || is_enum<_Tp>::value>
        -: 1408:struct __make_unsigned {};
        -: 1409:
        -: 1410:template <class _Tp>
        -: 1411:struct __make_unsigned<_Tp, true>
        -: 1412:{
        -: 1413:    typedef typename __find_first<__unsigned_types, sizeof(_Tp)>::type type;
        -: 1414:};
        -: 1415:
        -: 1416:template <> struct __make_unsigned<bool,               true> {};
        -: 1417:template <> struct __make_unsigned<  signed short,     true> {typedef unsigned short     type;};
        -: 1418:template <> struct __make_unsigned<unsigned short,     true> {typedef unsigned short     type;};
        -: 1419:template <> struct __make_unsigned<  signed int,       true> {typedef unsigned int       type;};
        -: 1420:template <> struct __make_unsigned<unsigned int,       true> {typedef unsigned int       type;};
        -: 1421:template <> struct __make_unsigned<  signed long,      true> {typedef unsigned long      type;};
        -: 1422:template <> struct __make_unsigned<unsigned long,      true> {typedef unsigned long      type;};
        -: 1423:template <> struct __make_unsigned<  signed long long, true> {typedef unsigned long long type;};
        -: 1424:template <> struct __make_unsigned<unsigned long long, true> {typedef unsigned long long type;};
        -: 1425:#ifndef _LIBCPP_HAS_NO_INT128
        -: 1426:template <> struct __make_unsigned<__int128_t,         true> {typedef __uint128_t        type;};
        -: 1427:template <> struct __make_unsigned<__uint128_t,        true> {typedef __uint128_t        type;};
        -: 1428:#endif
        -: 1429:
        -: 1430:template <class _Tp>
        -: 1431:struct _LIBCPP_TYPE_VIS_ONLY make_unsigned
        -: 1432:{
        -: 1433:    typedef typename __apply_cv<_Tp, typename __make_unsigned<typename remove_cv<_Tp>::type>::type>::type type;
        -: 1434:};
        -: 1435:
        -: 1436:#if _LIBCPP_STD_VER > 11
        -: 1437:template <class _Tp> using make_unsigned_t = typename make_unsigned<_Tp>::type;
        -: 1438:#endif
        -: 1439:
        -: 1440:#ifdef _LIBCPP_HAS_NO_VARIADICS
        -: 1441:
        -: 1442:template <class _Tp, class _Up = void, class _Vp = void>
        -: 1443:struct _LIBCPP_TYPE_VIS_ONLY common_type
        -: 1444:{
        -: 1445:public:
        -: 1446:    typedef typename common_type<typename common_type<_Tp, _Up>::type, _Vp>::type type;
        -: 1447:};
        -: 1448:
        -: 1449:template <class _Tp>
        -: 1450:struct _LIBCPP_TYPE_VIS_ONLY common_type<_Tp, void, void>
        -: 1451:{
        -: 1452:public:
        -: 1453:    typedef typename decay<_Tp>::type type;
        -: 1454:};
        -: 1455:
        -: 1456:template <class _Tp, class _Up>
        -: 1457:struct _LIBCPP_TYPE_VIS_ONLY common_type<_Tp, _Up, void>
        -: 1458:{
        -: 1459:private:
        -: 1460:#ifndef _LIBCPP_HAS_NO_RVALUE_REFERENCES
        -: 1461:    static _Tp&& __t();
        -: 1462:    static _Up&& __u();
        -: 1463:#else  // _LIBCPP_HAS_NO_RVALUE_REFERENCES
        -: 1464:    static _Tp __t();
        -: 1465:    static _Up __u();
        -: 1466:#endif  // _LIBCPP_HAS_NO_RVALUE_REFERENCES
        -: 1467:public:
        -: 1468:    typedef typename remove_reference<decltype(true ? __t() : __u())>::type type;
        -: 1469:};
        -: 1470:
        -: 1471:#else  // _LIBCPP_HAS_NO_VARIADICS
        -: 1472:
        -: 1473:template <class ..._Tp> struct common_type;
        -: 1474:
        -: 1475:template <class _Tp>
        -: 1476:struct _LIBCPP_TYPE_VIS_ONLY common_type<_Tp>
        -: 1477:{
        -: 1478:    typedef typename decay<_Tp>::type type;
        -: 1479:};
        -: 1480:
        -: 1481:template <class _Tp, class _Up>
        -: 1482:struct _LIBCPP_TYPE_VIS_ONLY common_type<_Tp, _Up>
        -: 1483:{
        -: 1484:private:
        -: 1485:    static _Tp&& __t();
        -: 1486:    static _Up&& __u();
        -: 1487:    static bool __f();
        -: 1488:public:
        -: 1489:    typedef typename decay<decltype(__f() ? __t() : __u())>::type type;
        -: 1490:};
        -: 1491:
        -: 1492:template <class _Tp, class _Up, class ..._Vp>
        -: 1493:struct _LIBCPP_TYPE_VIS_ONLY common_type<_Tp, _Up, _Vp...>
        -: 1494:{
        -: 1495:    typedef typename common_type<typename common_type<_Tp, _Up>::type, _Vp...>::type type;
        -: 1496:};
        -: 1497:
        -: 1498:#if _LIBCPP_STD_VER > 11
        -: 1499:template <class ..._Tp> using common_type_t = typename common_type<_Tp...>::type;
        -: 1500:#endif
        -: 1501:
        -: 1502:#endif  // _LIBCPP_HAS_NO_VARIADICS
        -: 1503:
        -: 1504:// is_assignable
        -: 1505:
        -: 1506:template<typename, typename _Tp> struct __select_2nd { typedef _Tp type; };
        -: 1507:
        -: 1508:template <class _Tp, class _Arg>
        -: 1509:typename __select_2nd<decltype((_VSTD::declval<_Tp>() = _VSTD::declval<_Arg>())), true_type>::type
[...]
        -: 3270:#if __has_feature(is_trivial) || (_GNUC_VER >= 407)
        -: 3271:    : public integral_constant<bool, __is_trivial(_Tp)>
        -: 3272:#else
        -: 3273:    : integral_constant<bool, is_trivially_copyable<_Tp>::value &&
        -: 3274:                                 is_trivially_default_constructible<_Tp>::value>
        -: 3275:#endif
        -: 3276:    {};
        -: 3277:
        -: 3278:#ifndef _LIBCPP_HAS_NO_VARIADICS
        -: 3279:
        -: 3280:// Check for complete types
        -: 3281:
        -: 3282:template <class ..._Tp> struct __check_complete;
        -: 3283:
        -: 3284:template <>
        -: 3285:struct __check_complete<>
        -: 3286:{
        -: 3287:};
        -: 3288:
        -: 3289:template <class _Hp, class _T0, class ..._Tp>
        -: 3290:struct __check_complete<_Hp, _T0, _Tp...>
        -: 3291:    : private __check_complete<_Hp>,
        -: 3292:      private __check_complete<_T0, _Tp...>
        -: 3293:{
        -: 3294:};
        -: 3295:
        -: 3296:template <class _Hp>
        -: 3297:struct __check_complete<_Hp, _Hp>
        -: 3298:    : private __check_complete<_Hp>
        -: 3299:{
        -: 3300:};
        -: 3301:
        -: 3302:template <class _Tp>
        -: 3303:struct __check_complete<_Tp>
        -: 3304:{
        -: 3305:    static_assert(sizeof(_Tp) > 0, "Type must be complete.");
        -: 3306:};
        -: 3307:
        -: 3308:template <class _Tp>
        -: 3309:struct __check_complete<_Tp&>
        -: 3310:    : private __check_complete<_Tp>
        -: 3311:{
        -: 3312:};
        -: 3313:
        -: 3314:template <class _Tp>
        -: 3315:struct __check_complete<_Tp&&>
        -: 3316:    : private __check_complete<_Tp>
        -: 3317:{
        -: 3318:};
        -: 3319:
        -: 3320:template <class _Rp, class ..._Param>
        -: 3321:struct __check_complete<_Rp (*)(_Param...)>
        -: 3322:    : private __check_complete<_Rp>
        -: 3323:{
        -: 3324:};
        -: 3325:
        -: 3326:template <class ..._Param>
        -: 3327:struct __check_complete<void (*)(_Param...)>
        -: 3328:{
        -: 3329:};
        -: 3330:
        -: 3331:template <class _Rp, class ..._Param>
        -: 3332:struct __check_complete<_Rp (_Param...)>
        -: 3333:    : private __check_complete<_Rp>
        -: 3334:{
        -: 3335:};
        -: 3336:
        -: 3337:template <class ..._Param>
        -: 3338:struct __check_complete<void (_Param...)>
        -: 3339:{
        -: 3340:};
        -: 3341:
        -: 3342:template <class _Rp, class _Class, class ..._Param>
        -: 3343:struct __check_complete<_Rp (_Class::*)(_Param...)>
        -: 3344:    : private __check_complete<_Class>
        -: 3345:{
        -: 3346:};
        -: 3347:
        -: 3348:template <class _Rp, class _Class, class ..._Param>
        -: 3349:struct __check_complete<_Rp (_Class::*)(_Param...) const>
        -: 3350:    : private __check_complete<_Class>
        -: 3351:{
        -: 3352:};
        -: 3353:
        -: 3354:template <class _Rp, class _Class, class ..._Param>
        -: 3355:struct __check_complete<_Rp (_Class::*)(_Param...) volatile>
        -: 3356:    : private __check_complete<_Class>
        -: 3357:{
        -: 3358:};
        -: 3359:
        -: 3360:template <class _Rp, class _Class, class ..._Param>
        -: 3361:struct __check_complete<_Rp (_Class::*)(_Param...) const volatile>
        -: 3362:    : private __check_complete<_Class>
        -: 3363:{
        -: 3364:};
        -: 3365:
        -: 3366:#if __has_feature(cxx_reference_qualified_functions)
        -: 3367:
        -: 3368:template <class _Rp, class _Class, class ..._Param>
        -: 3369:struct __check_complete<_Rp (_Class::*)(_Param...) &>
        -: 3370:    : private __check_complete<_Class>
        -: 3371:{
        -: 3372:};
        -: 3373:
        -: 3374:template <class _Rp, class _Class, class ..._Param>
        -: 3375:struct __check_complete<_Rp (_Class::*)(_Param...) const&>
        -: 3376:    : private __check_complete<_Class>
        -: 3377:{
        -: 3378:};
        -: 3379:
        -: 3380:template <class _Rp, class _Class, class ..._Param>
        -: 3381:struct __check_complete<_Rp (_Class::*)(_Param...) volatile&>
        -: 3382:    : private __check_complete<_Class>
        -: 3383:{
        -: 3384:};
        -: 3385:
        -: 3386:template <class _Rp, class _Class, class ..._Param>
        -: 3387:struct __check_complete<_Rp (_Class::*)(_Param...) const volatile&>
        -: 3388:    : private __check_complete<_Class>
        -: 3389:{
        -: 3390:};
        -: 3391:
        -: 3392:template <class _Rp, class _Class, class ..._Param>
        -: 3393:struct __check_complete<_Rp (_Class::*)(_Param...) &&>
        -: 3394:    : private __check_complete<_Class>
        -: 3395:{
        -: 3396:};
        -: 3397:
        -: 3398:template <class _Rp, class _Class, class ..._Param>
        -: 3399:struct __check_complete<_Rp (_Class::*)(_Param...) const&&>
        -: 3400:    : private __check_complete<_Class>
        -: 3401:{
        -: 3402:};
        -: 3403:
        -: 3404:template <class _Rp, class _Class, class ..._Param>
        -: 3405:struct __check_complete<_Rp (_Class::*)(_Param...) volatile&&>
        -: 3406:    : private __check_complete<_Class>
        -: 3407:{
        -: 3408:};
        -: 3409:
        -: 3410:template <class _Rp, class _Class, class ..._Param>
        -: 3411:struct __check_complete<_Rp (_Class::*)(_Param...) const volatile&&>
        -: 3412:    : private __check_complete<_Class>
        -: 3413:{
        -: 3414:};
        -: 3415:
        -: 3416:#endif
        -: 3417:
        -: 3418:template <class _Rp, class _Class>
        -: 3419:struct __check_complete<_Rp _Class::*>
        -: 3420:    : private __check_complete<_Class>
        -: 3421:{
        -: 3422:};
        -: 3423:
        -: 3424:// __invoke forward declarations
        -: 3425:
        -: 3426:// fall back - none of the bullets
        -: 3427:
        -: 3428:template <class ..._Args>
        -: 3429:auto
        -: 3430:__invoke(__any, _Args&& ...__args)
        -: 3431:    -> __nat;
        -: 3432:
        -: 3433:// bullets 1 and 2
        -: 3434:
        -: 3435:template <class _Fp, class _A0, class ..._Args,
        -: 3436:            class = typename enable_if
        -: 3437:            <
        -: 3438:                is_member_function_pointer<typename remove_reference<_Fp>::type>::value &&
        -: 3439:                is_base_of<typename remove_reference<typename __member_pointer_traits<typename remove_reference<_Fp>::type>::_ClassType>::type,
        -: 3440:                           typename remove_reference<_A0>::type>::value
        -: 3441:            >::type
        -: 3442:         >
        -: 3443:_LIBCPP_INLINE_VISIBILITY
        -: 3444:auto
        -: 3445:__invoke(_Fp&& __f, _A0&& __a0, _Args&& ...__args)
        -: 3446:    -> decltype((_VSTD::forward<_A0>(__a0).*__f)(_VSTD::forward<_Args>(__args)...));
        -: 3447:
        -: 3448:template <class _Fp, class _A0, class ..._Args,
        -: 3449:            class = typename enable_if
        -: 3450:            <
        -: 3451:                is_member_function_pointer<typename remove_reference<_Fp>::type>::value &&
        -: 3452:                !is_base_of<typename remove_reference<typename __member_pointer_traits<typename remove_reference<_Fp>::type>::_ClassType>::type,
        -: 3453:                           typename remove_reference<_A0>::type>::value
        -: 3454:            >::type
        -: 3455:         >
        -: 3456:_LIBCPP_INLINE_VISIBILITY
        -: 3457:auto
        -: 3458:__invoke(_Fp&& __f, _A0&& __a0, _Args&& ...__args)
        -: 3459:    -> decltype(((*_VSTD::forward<_A0>(__a0)).*__f)(_VSTD::forward<_Args>(__args)...));
        -: 3460:
        -: 3461:// bullets 3 and 4
        -: 3462:
        -: 3463:template <class _Fp, class _A0,
        -: 3464:            class = typename enable_if
        -: 3465:            <
        -: 3466:                is_member_object_pointer<typename remove_reference<_Fp>::type>::value &&
        -: 3467:                is_base_of<typename __member_pointer_traits<typename remove_reference<_Fp>::type>::_ClassType,
        -: 3468:                           typename remove_reference<_A0>::type>::value
        -: 3469:            >::type
        -: 3470:         >
        -: 3471:_LIBCPP_INLINE_VISIBILITY
        -: 3472:auto
        -: 3473:__invoke(_Fp&& __f, _A0&& __a0)
        -: 3474:    -> decltype(_VSTD::forward<_A0>(__a0).*__f);
        -: 3475:
        -: 3476:template <class _Fp, class _A0,
        -: 3477:            class = typename enable_if
        -: 3478:            <
        -: 3479:                is_member_object_pointer<typename remove_reference<_Fp>::type>::value &&
        -: 3480:                !is_base_of<typename __member_pointer_traits<typename remove_reference<_Fp>::type>::_ClassType,
        -: 3481:                           typename remove_reference<_A0>::type>::value
        -: 3482:            >::type
        -: 3483:         >
        -: 3484:_LIBCPP_INLINE_VISIBILITY
        -: 3485:auto
        -: 3486:__invoke(_Fp&& __f, _A0&& __a0)
        -: 3487:    -> decltype((*_VSTD::forward<_A0>(__a0)).*__f);
        -: 3488:
        -: 3489:// bullet 5
        -: 3490:
        -: 3491:template <class _Fp, class ..._Args>
        -: 3492:_LIBCPP_INLINE_VISIBILITY
        -: 3493:auto
        -: 3494:__invoke(_Fp&& __f, _Args&& ...__args)
        -: 3495:    -> decltype(_VSTD::forward<_Fp>(__f)(_VSTD::forward<_Args>(__args)...));
        -: 3496:
        -: 3497:// __invokable
        -: 3498:
        -: 3499:template <class _Fp, class ..._Args>
        -: 3500:struct __invokable_imp
        -: 3501:    : private __check_complete<_Fp>
        -: 3502:{
        -: 3503:    typedef decltype(
        -: 3504:            __invoke(_VSTD::declval<_Fp>(), _VSTD::declval<_Args>()...)
        -: 3505:                    ) type;
        -: 3506:    static const bool value = !is_same<type, __nat>::value;
        -: 3507:};
        -: 3508:
        -: 3509:template <class _Fp, class ..._Args>
        -: 3510:struct __invokable
        -: 3511:    : public integral_constant<bool,
        -: 3512:          __invokable_imp<_Fp, _Args...>::value>
        -: 3513:{
        -: 3514:};
        -: 3515:
        -: 3516:// __invoke_of
        -: 3517:
        -: 3518:template <bool _Invokable, class _Fp, class ..._Args>
        -: 3519:struct __invoke_of_imp  // false
        -: 3520:{
        -: 3521:};
        -: 3522:
        -: 3523:template <class _Fp, class ..._Args>
        -: 3524:struct __invoke_of_imp<true, _Fp, _Args...>
        -: 3525:{
        -: 3526:    typedef typename __invokable_imp<_Fp, _Args...>::type type;
        -: 3527:};
        -: 3528:
        -: 3529:template <class _Fp, class ..._Args>
        -: 3530:struct __invoke_of
        -: 3531:    : public __invoke_of_imp<__invokable<_Fp, _Args...>::value, _Fp, _Args...>
        -: 3532:{
        -: 3533:};
        -: 3534:
        -: 3535:template <class _Fp, class ..._Args>
        -: 3536:class _LIBCPP_TYPE_VIS_ONLY result_of<_Fp(_Args...)>
        -: 3537:    : public __invoke_of<_Fp, _Args...>
        -: 3538:{
        -: 3539:};
        -: 3540:
        -: 3541:#if _LIBCPP_STD_VER > 11
        -: 3542:template <class _Tp> using result_of_t = typename result_of<_Tp>::type;
        -: 3543:#endif
        -: 3544:
        -: 3545:#endif  // _LIBCPP_HAS_NO_VARIADICS
        -: 3546:
        -: 3547:template <class _Tp>
        -: 3548:inline _LIBCPP_INLINE_VISIBILITY
        -: 3549:#ifndef _LIBCPP_HAS_NO_ADVANCED_SFINAE
        -: 3550:typename enable_if
        -: 3551:<
        -: 3552:    is_move_constructible<_Tp>::value &&
        -: 3553:    is_move_assignable<_Tp>::value
        -: 3554:>::type
        -: 3555:#else
        -: 3556:void
        -: 3557:#endif
        -: 3558:swap(_Tp& __x, _Tp& __y) _NOEXCEPT_(is_nothrow_move_constructible<_Tp>::value &&
        -: 3559:                                    is_nothrow_move_assignable<_Tp>::value)
        -: 3560:{
        -: 3561:    _Tp __t(_VSTD::move(__x));
        -: 3562:    __x = _VSTD::move(__y);
        -: 3563:    __y = _VSTD::move(__t);
        -: 3564:}
        -: 3565:
        -: 3566:template <class _ForwardIterator1, class _ForwardIterator2>
        -: 3567:inline _LIBCPP_INLINE_VISIBILITY
        -: 3568:void
        -: 3569:iter_swap(_ForwardIterator1 __a, _ForwardIterator2 __b)
        -: 3570:    //                                  _NOEXCEPT_(_NOEXCEPT_(swap(*__a, *__b)))
        -: 3571:               _NOEXCEPT_(_NOEXCEPT_(swap(*_VSTD::declval<_ForwardIterator1>(),
        -: 3572:                                          *_VSTD::declval<_ForwardIterator2>())))
        -: 3573:{
        -: 3574:    swap(*__a, *__b);
        -: 3575:}
        -: 3576:
        -: 3577:// __swappable
        -: 3578:
        -: 3579:namespace __detail
        -: 3580:{
        -: 3581:
        -: 3582:using _VSTD::swap;
        -: 3583:__nat swap(__any, __any);
        -: 3584:
        -: 3585:template <class _Tp>
        -: 3586:struct __swappable
        -: 3587:{
        -: 3588:    typedef decltype(swap(_VSTD::declval<_Tp&>(), _VSTD::declval<_Tp&>())) type;
        -: 3589:    static const bool value = !is_same<type, __nat>::value;
        -: 3590:};
        -: 3591:
        -: 3592:}  // __detail
        -: 3593:
        -: 3594:template <class _Tp>
        -: 3595:struct __is_swappable
        -: 3596:    : public integral_constant<bool, __detail::__swappable<_Tp>::value>
        -: 3597:{
        -: 3598:};
        -: 3599:
        -: 3600:#if __has_feature(cxx_noexcept) || (_GNUC_VER >= 407 && __cplusplus >= 201103L)
        -: 3601:
        -: 3602:template <bool, class _Tp>
        -: 3603:struct __is_nothrow_swappable_imp
        -: 3604:    : public integral_constant<bool, noexcept(swap(_VSTD::declval<_Tp&>(),
        -: 3605:                                                   _VSTD::declval<_Tp&>()))>
        -: 3606:{
        -: 3607:};
        -: 3608:
        -: 3609:template <class _Tp>
        -: 3610:struct __is_nothrow_swappable_imp<false, _Tp>
        -: 3611:    : public false_type
        -: 3612:{
        -: 3613:};
        -: 3614:
        -: 3615:template <class _Tp>
        -: 3616:struct __is_nothrow_swappable
        -: 3617:    : public __is_nothrow_swappable_imp<__is_swappable<_Tp>::value, _Tp>
        -: 3618:{
        -: 3619:};
        -: 3620:
        -: 3621:#else  // __has_feature(cxx_noexcept)
        -: 3622:
        -: 3623:template <class _Tp>
        -: 3624:struct __is_nothrow_swappable
        -: 3625:    : public false_type
        -: 3626:{
        -: 3627:};
        -: 3628:
        -: 3629:#endif  // __has_feature(cxx_noexcept)
        -: 3630:
        -: 3631:#ifdef _LIBCPP_UNDERLYING_TYPE
        -: 3632:
        -: 3633:template <class _Tp>
        -: 3634:struct underlying_type
        -: 3635:{
        -: 3636:    typedef _LIBCPP_UNDERLYING_TYPE(_Tp) type;
        -: 3637:};
        -: 3638:
        -: 3639:#if _LIBCPP_STD_VER > 11
        -: 3640:template <class _Tp> using underlying_type_t = typename underlying_type<_Tp>::type;
        -: 3641:#endif
        -: 3642:
        -: 3643:#else  // _LIBCPP_UNDERLYING_TYPE
        -: 3644:
        -: 3645:template <class _Tp, bool _Support = false>
        -: 3646:struct underlying_type
        -: 3647:{
        -: 3648:    static_assert(_Support, "The underyling_type trait requires compiler "
        -: 3649:                            "support. Either no such support exists or "
        -: 3650:                            "libc++ does not know how to use it.");
        -: 3651:};
        -: 3652:
        -: 3653:#endif // _LIBCPP_UNDERLYING_TYPE
        -: 3654:
        -: 3655:
        -: 3656:template <class _Tp, bool = std::is_enum<_Tp>::value>
        -: 3657:struct __sfinae_underlying_type
        -: 3658:{
        -: 3659:    typedef typename underlying_type<_Tp>::type type;
        -: 3660:    typedef decltype(((type)1) + 0) __promoted_type;
        -: 3661:};
        -: 3662:
        -: 3663:template <class _Tp>
        -: 3664:struct __sfinae_underlying_type<_Tp, false> {};
        -: 3665:
        -: 3666:inline _LIBCPP_INLINE_VISIBILITY _LIBCPP_ALWAYS_INLINE
        -: 3667:int __convert_to_integral(int __val) { return __val; }
        -: 3668:
        -: 3669:inline _LIBCPP_INLINE_VISIBILITY _LIBCPP_ALWAYS_INLINE
        -: 3670:unsigned __convert_to_integral(unsigned __val) { return __val; }
        -: 3671:
        -: 3672:inline _LIBCPP_INLINE_VISIBILITY _LIBCPP_ALWAYS_INLINE
        -: 3673:long __convert_to_integral(long __val) { return __val; }
        -: 3674:
        -: 3675:inline _LIBCPP_INLINE_VISIBILITY _LIBCPP_ALWAYS_INLINE
        -: 3676:unsigned long __convert_to_integral(unsigned long __val) { return __val; }
        -: 3677:
        -: 3678:inline _LIBCPP_INLINE_VISIBILITY _LIBCPP_ALWAYS_INLINE
        -: 3679:long long __convert_to_integral(long long __val) { return __val; }
        -: 3680:
        -: 3681:inline _LIBCPP_INLINE_VISIBILITY _LIBCPP_ALWAYS_INLINE
        -: 3682:unsigned long long __convert_to_integral(unsigned long long __val) {return __val; }
        -: 3683:
        -: 3684:#ifndef _LIBCPP_HAS_NO_INT128
        -: 3685:inline _LIBCPP_INLINE_VISIBILITY _LIBCPP_ALWAYS_INLINE
        -: 3686:__int128_t __convert_to_integral(__int128_t __val) { return __val; }
        -: 3687:
        -: 3688:inline _LIBCPP_INLINE_VISIBILITY _LIBCPP_ALWAYS_INLINE
        -: 3689:__uint128_t __convert_to_integral(__uint128_t __val) { return __val; }
        -: 3690:#endif
        -: 3691:
        -: 3692:template <class _Tp>
        -: 3693:inline _LIBCPP_INLINE_VISIBILITY _LIBCPP_ALWAYS_INLINE
        -: 3694:typename __sfinae_underlying_type<_Tp>::__promoted_type
        -: 3695:__convert_to_integral(_Tp __val) { return __val; }
        -: 3696:
        -: 3697:#ifndef _LIBCPP_HAS_NO_ADVANCED_SFINAE
        -: 3698:
        -: 3699:template <class _Tp>
        -: 3700:struct __has_operator_addressof_member_imp
        -: 3701:{
        -: 3702:    template <class _Up>
        -: 3703:        static auto __test(int)
        -: 3704:            -> typename __select_2nd<decltype(_VSTD::declval<_Up>().operator&()), true_type>::type;
        -: 3705:    template <class>
        -: 3706:        static auto __test(long) -> false_type;
        -: 3707:
        -: 3708:    static const bool value = decltype(__test<_Tp>(0))::value;
        -: 3709:};
        -: 3710:
        -: 3711:template <class _Tp>
        -: 3712:struct __has_operator_addressof_free_imp
        -: 3713:{
        -: 3714:    template <class _Up>
        -: 3715:        static auto __test(int)
        -: 3716:            -> typename __select_2nd<decltype(operator&(_VSTD::declval<_Up>())), true_type>::type;
        -: 3717:    template <class>
        -: 3718:        static auto __test(long) -> false_type;
        -: 3719:
        -: 3720:    static const bool value = decltype(__test<_Tp>(0))::value;
        -: 3721:};
        -: 3722:
        -: 3723:template <class _Tp>
        -: 3724:struct __has_operator_addressof
        -: 3725:    : public integral_constant<bool, __has_operator_addressof_member_imp<_Tp>::value
        -: 3726:                                  || __has_operator_addressof_free_imp<_Tp>::value>
        -: 3727:{};
        -: 3728:
        -: 3729:#endif  // _LIBCPP_HAS_NO_ADVANCED_SFINAE
        -: 3730:
        -: 3731:#if _LIBCPP_STD_VER > 14
        -: 3732:template <class...> using void_t = void;
        -: 3733:#endif
        -: 3734:
        -: 3735:_LIBCPP_END_NAMESPACE_STD
        -: 3736:
        -: 3737:#endif  // _LIBCPP_TYPE_TRAITS
